[2016-04-08 06:06:51] START
[2016-04-08 06:08:52] EDIT easypay/controllers/default.py: -43
[2016-04-08 06:15:04] EDIT easypay/controllers/default.py: 3
[2016-04-08 06:16:31] EDIT easypay/controllers/default.py: 0
[2016-04-08 06:19:55] EDIT easypay/controllers/default.py: 0
[2016-04-08 06:20:51] EDIT easypay/controllers/default.py: 0
[2016-04-08 06:28:38] EDIT easypay/controllers/default.py: 0
[2016-04-08 06:28:40] EDIT easypay/controllers/default.py: 0
[2016-04-08 06:29:46] EDIT easypay/controllers/default.py: 0
[2016-04-08 06:30:17] EDIT easypay/controllers/default.py: 1
[2016-04-08 06:30:18] EDIT easypay/controllers/default.py: 0
[2016-04-08 06:30:19] EDIT easypay/controllers/default.py: 0
[2016-04-08 06:30:28] EDIT easypay/controllers/default.py: 0
[2016-04-08 06:30:29] EDIT easypay/controllers/default.py: 0
[2016-04-08 06:31:33] EDIT easypay/controllers/default.py: 0
[2016-04-08 06:31:53] EDIT easypay/controllers/default.py: 0
[2016-04-08 06:33:47] EDIT easypay/controllers/default.py: 0
[2016-04-08 06:35:23] EDIT easypay/views/default/index.html: -31
[2016-04-08 06:36:05] EDIT easypay/views/default/index.html: 0
[2016-04-08 06:36:32] EDIT easypay/views/default/index.html: 0
[2016-04-08 06:38:05] EDIT easypay/views/default/index.html: 1
[2016-04-08 06:38:43] EDIT easypay/views/default/index.html: 0
[2016-04-08 06:41:30] EDIT easypay/views/default/index.html: -1
[2016-04-08 06:42:27] EDIT easypay/views/default/index.html: 0
[2016-04-08 06:42:50] EDIT easypay/views/default/index.html: 0
[2016-04-08 06:44:16] EDIT easypay/views/default/index.html: 0
[2016-04-08 06:45:08] EDIT easypay/views/default/index.html: 0
[2016-04-08 06:46:47] EDIT easypay/views/default/index.html: 0
[2016-04-08 06:46:50] EDIT easypay/views/default/index.html: 0
[2016-04-08 06:46:58] EDIT easypay/views/default/index.html: 0
[2016-04-08 06:47:24] EDIT easypay/views/default/index.html: 0
[2016-04-08 06:53:30] EDIT easypay/views/default/index.html: 0
[2016-04-08 06:53:46] EDIT easypay/views/default/index.html: 0
[2016-04-08 06:54:38] EDIT easypay/controllers/default.py: 0
[2016-04-08 06:54:58] EDIT easypay/controllers/default.py: 0
[2016-04-08 06:56:02] EDIT easypay/controllers/default.py: 0
[2016-04-08 13:15:15] EDIT easypay/controllers/default.py: -1
[2016-04-08 13:15:17] EDIT easypay/controllers/default.py: 0
[2016-04-08 13:17:28] EDIT easypay/controllers/default.py: 0
[2016-04-08 13:17:29] EDIT easypay/controllers/default.py: 0
[2016-04-08 13:19:32] EDIT easypay/controllers/default.py: 0
[2016-04-08 13:24:02] EDIT easypay/controllers/default.py: 0
[2016-04-09 08:43:19] CREATE default/ordem_de_venda.html: 0
[2016-04-09 08:49:26] EDIT easypay/views/default/ordem_de_venda.html: 87
[2016-04-09 08:53:27] EDIT easypay/views/default/ordem_de_venda.html: -2
[2016-04-09 09:00:08] EDIT easypay/controllers/default.py: 1
[2016-04-09 09:00:27] EDIT easypay/controllers/default.py: 0
[2016-04-09 09:00:28] EDIT easypay/controllers/default.py: 0
[2016-04-09 09:00:33] EDIT easypay/controllers/default.py: -1
[2016-04-09 09:02:38] EDIT easypay/controllers/default.py: 3
[2016-04-09 09:04:56] EDIT easypay/views/default/ordem_de_venda.html: -7
[2016-04-09 09:07:15] EDIT easypay/views/default/ordem_de_venda.html: 0
[2016-04-09 09:09:46] EDIT easypay/views/default/ordem_de_venda.html: 2
[2016-04-09 09:10:09] EDIT easypay/views/default/ordem_de_venda.html: 0
[2016-04-09 09:21:20] EDIT easypay/controllers/default.py: 7
[2016-04-09 09:22:01] EDIT easypay/controllers/default.py: 1
[2016-04-09 09:24:27] EDIT easypay/views/default/ordem_de_venda.html: 0
[2016-04-09 09:46:32] EDIT easypay/controllers/default.py: 4
[2016-04-09 09:47:08] EDIT easypay/controllers/default.py: 1
[2016-04-09 09:47:37] EDIT easypay/controllers/default.py: -1
[2016-04-09 09:51:20] EDIT easypay/controllers/default.py: 1
[2016-04-09 09:53:38] EDIT easypay/controllers/default.py: 0
[2016-04-09 10:01:13] EDIT easypay/controllers/default.py: 0
[2016-04-09 10:04:36] EDIT easypay/views/default/ordem_de_venda.html: -1
[2016-04-09 10:08:26] EDIT easypay/controllers/default.py: 1
[2016-04-09 10:10:33] EDIT easypay/controllers/default.py: 0
[2016-04-09 10:12:39] EDIT easypay/controllers/default.py: 1
[2016-04-09 10:14:03] EDIT easypay/controllers/default.py: 0
[2016-04-09 10:15:54] EDIT easypay/controllers/default.py: 0
[2016-04-09 10:17:35] EDIT easypay/controllers/default.py: -1
[2016-04-09 10:19:23] EDIT easypay/controllers/default.py: -1
[2016-04-09 10:19:50] EDIT easypay/controllers/default.py: 0
[2016-04-09 10:19:51] EDIT easypay/controllers/default.py: 0
[2016-04-09 10:19:52] EDIT easypay/controllers/default.py: 0
[2016-04-09 10:19:53] EDIT easypay/controllers/default.py: 0
[2016-04-09 10:19:54] EDIT easypay/controllers/default.py: 0
[2016-04-09 10:23:47] EDIT easypay/controllers/default.py: 1
[2016-04-09 10:23:48] EDIT easypay/controllers/default.py: 0
[2016-04-09 10:23:49] EDIT easypay/controllers/default.py: 0
[2016-04-09 10:29:35] EDIT easypay/controllers/default.py: -1
[2016-04-09 10:30:59] EDIT easypay/controllers/default.py: -1
[2016-04-09 10:31:07] EDIT easypay/controllers/default.py: 0
[2016-04-09 10:42:50] EDIT easypay/views/default/ordem_de_venda.html: 0
[2016-04-09 11:08:26] EDIT easypay/views/default/ordem_de_venda.html: 1
[2016-04-09 11:08:27] EDIT easypay/views/default/ordem_de_venda.html: 0
[2016-04-09 11:09:35] EDIT easypay/views/default/ordem_de_venda.html: 0
[2016-04-09 11:24:37] CREATE default/tela_cliente.html: 0
[2016-04-09 11:24:54] EDIT easypay/views/default/tela_cliente.html: 196
[2016-04-09 11:25:37] EDIT easypay/controllers/default.py: 3
[2016-04-09 11:32:01] UPLOAD /home/www-data/web2py/applications/easypay/static/images/wait.gif: 519
[2016-04-09 11:58:57] EDIT easypay/views/default/tela_cliente.html: -63
[2016-04-09 12:00:06] EDIT easypay/views/default/tela_cliente.html: -4
[2016-04-09 12:01:16] EDIT easypay/views/default/tela_cliente.html: 2
[2016-04-09 12:02:20] EDIT easypay/views/default/tela_cliente.html: 0
[2016-04-09 12:06:26] EDIT easypay/views/default/tela_cliente.html: -87
[2016-04-09 12:12:05] UPLOAD /home/www-data/web2py/applications/easypay/static/images/compman.gif: 23
[2016-04-09 12:13:23] EDIT easypay/views/default/tela_cliente.html: 1
[2016-04-09 12:47:48] EDIT easypay/views/default/tela_cliente.html: 0
[2016-04-09 12:52:22] EDIT easypay/views/default/tela_cliente.html: 2
[2016-04-09 12:54:05] EDIT easypay/views/default/ordem_de_venda.html: 0
[2016-04-09 21:11:10] EDIT easypay/views/default/tela_cliente.html: 2
[2016-04-09 21:11:31] EDIT easypay/views/default/tela_cliente.html: 0
[2016-04-09 21:12:08] EDIT easypay/views/default/tela_cliente.html: 0
[2016-04-09 21:12:50] EDIT easypay/views/default/ordem_de_venda.html: 17
[2016-04-09 21:13:16] EDIT easypay/views/default/ordem_de_venda.html: 1
[2016-04-09 21:13:33] EDIT easypay/views/default/ordem_de_venda.html: -1
[2016-04-09 21:13:45] EDIT easypay/views/default/ordem_de_venda.html: 0
[2016-04-09 21:13:57] EDIT easypay/views/default/ordem_de_venda.html: 0
[2016-04-09 21:15:01] EDIT easypay/views/default/tela_cliente.html: 0
[2016-04-09 21:19:11] EDIT easypay/views/default/ordem_de_venda.html: 18
[2016-04-09 21:22:19] EDIT easypay/views/default/ordem_de_venda.html: 26
[2016-04-09 21:23:00] EDIT easypay/views/default/ordem_de_venda.html: 0
[2016-04-09 21:27:54] EDIT easypay/views/default/ordem_de_venda.html: 2
[2016-04-09 21:28:10] EDIT easypay/views/default/ordem_de_venda.html: -10
[2016-04-09 21:28:37] UPLOAD /home/www-data/web2py/applications/easypay/static/images/pending.png: 96
[2016-04-09 21:29:43] EDIT easypay/views/default/ordem_de_venda.html: 0
[2016-04-09 21:30:16] EDIT easypay/views/default/ordem_de_venda.html: 0
[2016-04-09 21:31:09] EDIT easypay/views/default/ordem_de_venda.html: 0
[2016-04-09 21:31:50] EDIT easypay/views/default/ordem_de_venda.html: 0
[2016-04-09 21:32:18] EDIT easypay/views/default/ordem_de_venda.html: 0
[2016-04-09 21:34:54] EDIT easypay/views/default/ordem_de_venda.html: 0
[2016-04-09 21:36:15] EDIT easypay/views/default/ordem_de_venda.html: 0
[2016-04-09 21:37:54] EDIT easypay/views/default/ordem_de_venda.html: 0
[2016-04-09 21:38:30] EDIT easypay/views/default/ordem_de_venda.html: 0
[2016-04-09 21:38:43] EDIT easypay/views/default/ordem_de_venda.html: 0
[2016-04-09 21:39:59] EDIT easypay/views/default/ordem_de_venda.html: 0
[2016-04-09 21:40:14] EDIT easypay/views/default/ordem_de_venda.html: 0
[2016-04-09 21:41:18] EDIT easypay/views/default/ordem_de_venda.html: 6
[2016-04-09 21:41:50] EDIT easypay/views/default/ordem_de_venda.html: 6
[2016-04-09 21:43:29] EDIT easypay/views/default/ordem_de_venda.html: 0
[2016-04-09 21:43:54] UPLOAD /home/www-data/web2py/applications/easypay/static/images/ok.png: 127
[2016-04-09 21:49:14] EDIT easypay/views/default/ordem_de_venda.html: 0
[2016-04-09 21:56:58] EDIT easypay/views/default/ordem_de_venda.html: 10
[2016-04-09 21:57:41] EDIT easypay/views/default/ordem_de_venda.html: 1
[2016-04-09 21:59:23] EDIT easypay/views/default/ordem_de_venda.html: -5
[2016-04-09 22:01:17] EDIT easypay/views/default/ordem_de_venda.html: 1
[2016-04-09 22:01:25] EDIT easypay/views/default/ordem_de_venda.html: -1
[2016-04-09 22:01:56] EDIT easypay/views/default/ordem_de_venda.html: 0
[2016-04-09 22:02:29] EDIT easypay/views/default/ordem_de_venda.html: 0
[2016-04-09 22:03:29] EDIT easypay/views/default/ordem_de_venda.html: 0
[2016-04-09 22:04:28] EDIT easypay/views/default/ordem_de_venda.html: 0
[2016-04-09 22:05:39] EDIT easypay/views/default/ordem_de_venda.html: 0
[2016-04-09 22:08:29] EDIT easypay/views/default/ordem_de_venda.html: -1
[2016-04-09 22:09:22] EDIT easypay/views/default/ordem_de_venda.html: 0
[2016-04-09 22:09:58] EDIT easypay/views/default/ordem_de_venda.html: 1
[2016-04-09 22:10:27] EDIT easypay/views/default/ordem_de_venda.html: 5
[2016-04-09 22:11:13] EDIT easypay/views/default/ordem_de_venda.html: 0
[2016-04-09 22:12:20] EDIT easypay/views/default/ordem_de_venda.html: -5
[2016-04-09 22:12:33] EDIT easypay/views/default/ordem_de_venda.html: 0
[2016-04-09 22:31:47] EDIT easypay/views/default/ordem_de_venda.html: 0
[2016-04-09 22:36:21] EDIT easypay/views/default/ordem_de_venda.html: 9
[2016-04-09 22:36:56] EDIT easypay/views/default/ordem_de_venda.html: 1
[2016-04-09 22:37:22] EDIT easypay/views/default/ordem_de_venda.html: -1
[2016-04-09 22:40:33] EDIT easypay/views/default/ordem_de_venda.html: 0
[2016-04-09 22:43:01] EDIT easypay/views/default/ordem_de_venda.html: 1
[2016-04-09 22:43:52] EDIT easypay/views/default/ordem_de_venda.html: -10
[2016-04-09 22:48:21] EDIT easypay/views/default/ordem_de_venda.html: 9
[2016-04-09 23:02:19] EDIT easypay/views/default/ordem_de_venda.html: -9
[2016-04-09 23:04:05] EDIT easypay/views/default/ordem_de_venda.html: 3
[2016-04-09 23:04:47] EDIT easypay/views/default/ordem_de_venda.html: 0
[2016-04-09 23:06:17] EDIT easypay/views/default/ordem_de_venda.html: 0
[2016-04-09 23:25:42] EDIT easypay/views/default/ordem_de_venda.html: 1
[2016-04-09 23:25:46] EDIT easypay/views/default/ordem_de_venda.html: 0
[2016-04-09 23:26:52] EDIT easypay/views/default/ordem_de_venda.html: -5
[2016-04-09 23:28:22] EDIT easypay/views/default/ordem_de_venda.html: -19
[2016-04-10 08:16:06] EDIT easypay/views/default/ordem_de_venda.html: 1
[2016-04-10 09:48:34] EDIT easypay/views/default/ordem_de_venda.html: 0
[2016-04-10 09:48:56] EDIT easypay/views/default/ordem_de_venda.html: 1
[2016-04-10 09:50:30] EDIT easypay/views/default/ordem_de_venda.html: 0
[2016-04-10 09:57:47] EDIT easypay/views/default/ordem_de_venda.html: 1
[2016-04-10 10:01:01] EDIT easypay/views/default/ordem_de_venda.html: 0
[2016-04-10 10:02:21] EDIT easypay/views/default/ordem_de_venda.html: 0
[2016-04-10 10:12:23] EDIT easypay/views/default/ordem_de_venda.html: 0
[2016-04-10 10:13:16] EDIT easypay/views/default/ordem_de_venda.html: 0
[2016-04-10 10:15:00] EDIT easypay/views/default/ordem_de_venda.html: 0
[2016-04-10 10:16:13] EDIT easypay/views/default/ordem_de_venda.html: 0
[2016-04-10 10:31:50] EDIT easypay/views/default/ordem_de_venda.html: 1
[2016-04-10 10:32:05] EDIT easypay/views/default/ordem_de_venda.html: -1
[2016-04-10 10:39:15] EDIT easypay/views/default/ordem_de_venda.html: 0
[2016-04-10 10:43:04] EDIT easypay/views/default/ordem_de_venda.html: 0
[2016-04-10 10:44:02] EDIT easypay/views/default/ordem_de_venda.html: 0
[2016-04-10 11:01:13] EDIT easypay/views/default/ordem_de_venda.html: 2
[2016-04-10 11:01:30] EDIT easypay/views/default/ordem_de_venda.html: 0
[2016-04-10 11:02:07] EDIT easypay/views/default/ordem_de_venda.html: 0
[2016-04-10 11:03:07] EDIT easypay/views/default/ordem_de_venda.html: 1
[2016-04-10 11:03:41] EDIT easypay/views/default/ordem_de_venda.html: 1
[2016-04-10 11:04:19] EDIT easypay/views/default/ordem_de_venda.html: 0
[2016-04-10 11:05:17] EDIT easypay/views/default/ordem_de_venda.html: 0
[2016-04-10 11:06:11] EDIT easypay/views/default/ordem_de_venda.html: 1
[2016-04-10 11:06:16] EDIT easypay/views/default/ordem_de_venda.html: 0
[2016-04-10 11:07:03] EDIT easypay/views/default/ordem_de_venda.html: 0
[2016-04-10 11:07:04] EDIT easypay/views/default/ordem_de_venda.html: 0
[2016-04-10 11:07:33] EDIT easypay/views/default/ordem_de_venda.html: 0
[2016-04-10 11:07:39] EDIT easypay/views/default/ordem_de_venda.html: 0
[2016-04-10 11:08:45] EDIT easypay/views/default/ordem_de_venda.html: 0
[2016-04-10 11:09:54] EDIT easypay/views/default/ordem_de_venda.html: -6
[2016-04-10 11:24:04] EDIT easypay/views/default/ordem_de_venda.html: 6
[2016-04-10 11:24:48] EDIT easypay/views/default/ordem_de_venda.html: 0
[2016-04-10 11:24:59] EDIT easypay/views/default/ordem_de_venda.html: 0
[2016-04-10 12:05:51] EDIT easypay/views/default/tela_cliente.html: 5
[2016-04-10 12:27:00] EDIT easypay/views/default/ordem_de_venda.html: 1
[2016-04-10 17:19:31] EDIT easypay/controllers/default.py: 8
[2016-04-10 17:22:44] EDIT easypay/views/default/ordem_de_venda.html: 7
[2016-04-10 17:23:43] EDIT easypay/views/default/ordem_de_venda.html: 1
[2016-04-10 17:25:13] EDIT easypay/views/default/ordem_de_venda.html: 0
[2016-04-10 17:26:34] EDIT easypay/views/default/ordem_de_venda.html: 0
[2016-04-10 17:27:36] EDIT easypay/views/default/ordem_de_venda.html: 0
[2016-04-10 17:31:42] EDIT easypay/controllers/default.py: 0
[2016-04-10 17:32:43] EDIT easypay/controllers/default.py: 0
[2016-04-10 17:49:23] EDIT easypay/views/default/ordem_de_venda.html: 0
[2016-04-10 17:50:19] EDIT easypay/views/default/ordem_de_venda.html: 0
[2016-04-10 18:52:28] EDIT easypay/views/default/ordem_de_venda.html: 0
[2016-04-10 18:55:03] EDIT easypay/views/default/ordem_de_venda.html: 0
[2016-04-10 18:57:57] EDIT easypay/views/default/ordem_de_venda.html: 0
[2016-04-10 18:59:31] EDIT easypay/views/default/ordem_de_venda.html: 0
[2016-04-10 19:00:16] EDIT easypay/views/default/ordem_de_venda.html: 0
[2016-04-10 19:02:51] CREATE default/tela_easypay.html: 0
[2016-04-10 19:04:38] EDIT easypay/views/default/tela_easypay.html: 113
[2016-04-10 19:05:26] EDIT easypay/controllers/default.py: 11
[2016-04-10 19:38:05] EDIT easypay/views/default/ordem_de_venda.html: 4
[2016-04-10 19:39:30] EDIT easypay/views/default/tela_easypay.html: 4
[2016-04-10 19:54:21] EDIT easypay/views/default/tela_easypay.html: 0
[2016-04-10 19:57:54] EDIT easypay/views/default/tela_easypay.html: 2
[2016-04-10 19:59:29] EDIT easypay/views/default/tela_easypay.html: 2
[2016-04-10 20:00:04] EDIT easypay/views/default/tela_easypay.html: 0
[2016-04-10 20:03:42] EDIT easypay/views/default/tela_easypay.html: -3
[2016-04-10 20:06:28] EDIT easypay/views/default/tela_easypay.html: 0
[2016-04-10 20:06:32] EDIT easypay/views/default/tela_easypay.html: 0
[2016-04-10 20:06:36] EDIT easypay/views/default/tela_easypay.html: 0
[2016-04-10 20:10:58] EDIT easypay/views/default/tela_easypay.html: 1
[2016-04-10 20:11:06] EDIT easypay/views/default/tela_easypay.html: 0
[2016-04-10 20:13:55] EDIT easypay/views/default/tela_easypay.html: 0
[2016-04-10 20:14:53] EDIT easypay/views/default/tela_easypay.html: -2
[2016-04-10 20:15:50] EDIT easypay/views/default/tela_easypay.html: 0
[2016-04-10 20:17:57] EDIT easypay/views/default/tela_easypay.html: 0
[2016-04-10 20:18:00] EDIT easypay/views/default/tela_easypay.html: 0
[2016-04-10 20:19:09] EDIT easypay/views/default/tela_easypay.html: 0
[2016-04-10 20:54:49] EDIT easypay/views/default/tela_easypay.html: 3
[2016-04-10 20:55:49] EDIT easypay/views/default/tela_easypay.html: 0
[2016-04-10 20:56:28] EDIT easypay/views/default/tela_easypay.html: -1
[2016-04-10 20:57:40] EDIT easypay/views/default/tela_easypay.html: -3
[2016-04-10 20:58:31] EDIT easypay/views/default/tela_easypay.html: 0
[2016-04-10 20:59:28] EDIT easypay/views/default/tela_easypay.html: 1
[2016-04-10 20:59:53] EDIT easypay/views/default/tela_easypay.html: 1
[2016-04-10 21:00:06] EDIT easypay/views/default/tela_easypay.html: 0
[2016-04-10 21:01:45] EDIT easypay/views/default/tela_easypay.html: 3
[2016-04-10 21:02:14] EDIT easypay/views/default/tela_easypay.html: 0
[2016-04-10 21:02:29] EDIT easypay/views/default/tela_easypay.html: 0
[2016-04-10 21:03:14] EDIT easypay/views/default/tela_easypay.html: 0
[2016-04-10 21:05:44] EDIT easypay/views/default/tela_easypay.html: -2
[2016-04-10 21:06:45] EDIT easypay/views/default/tela_easypay.html: -1
[2016-04-10 21:06:47] EDIT easypay/views/default/tela_easypay.html: 0
[2016-04-10 21:06:48] EDIT easypay/views/default/tela_easypay.html: 0
[2016-04-10 21:07:38] EDIT easypay/views/default/tela_easypay.html: 0
[2016-04-10 21:09:17] EDIT easypay/views/default/tela_easypay.html: 0
[2016-04-10 21:09:38] EDIT easypay/views/default/tela_easypay.html: 0
[2016-04-10 21:11:43] EDIT easypay/views/default/tela_easypay.html: 0
[2016-04-10 21:12:10] EDIT easypay/views/default/tela_easypay.html: 0
[2016-04-10 21:15:20] EDIT easypay/views/default/tela_easypay.html: 1
[2016-04-10 21:17:10] EDIT easypay/views/default/tela_easypay.html: 0
[2016-04-11 15:41:46] EDIT easypay/views/default/tela_easypay.html: 6
[2016-04-11 15:55:27] EDIT easypay/views/default/ordem_de_venda.html: 0
[2016-04-11 15:59:56] EDIT easypay/views/default/tela_easypay.html: 0
[2016-04-11 16:01:40] EDIT easypay/views/default/tela_easypay.html: 6
[2016-04-11 16:02:40] EDIT easypay/views/default/tela_easypay.html: 0
[2016-04-11 16:10:34] EDIT easypay/views/default/tela_easypay.html: 0
[2016-04-11 16:10:57] EDIT easypay/views/default/tela_easypay.html: 0
[2016-04-11 19:12:21] EDIT easypay/views/default/tela_easypay.html: 0
[2016-04-11 19:13:18] EDIT easypay/views/default/tela_easypay.html: 0
[2016-04-11 19:23:16] EDIT easypay/views/default/tela_easypay.html: 3
[2016-04-11 19:26:56] EDIT easypay/views/default/tela_easypay.html: 0
[2016-04-11 19:34:43] EDIT easypay/views/default/tela_easypay.html: 0
[2016-04-11 19:50:01] EDIT easypay/views/default/ordem_de_venda.html: 1
[2016-04-11 19:50:35] EDIT easypay/views/default/tela_cliente.html: 1
[2016-04-11 19:50:44] EDIT easypay/views/default/tela_cliente.html: 0
[2016-04-11 19:51:20] EDIT easypay/views/default/tela_easypay.html: 1
[2016-04-11 19:52:32] CREATE default/tela_qrcode.html: 0
[2016-04-11 19:52:49] EDIT easypay/views/default/tela_qrcode.html: 54
[2016-04-11 19:53:20] EDIT easypay/controllers/default.py: 3
[2016-04-11 19:54:03] EDIT easypay/views/default/tela_qrcode.html: 0
[2016-04-11 20:33:31] EDIT easypay/controllers/default.py: 11
[2016-04-11 20:33:48] EDIT easypay/controllers/default.py: 0
[2016-04-11 20:35:13] EDIT easypay/views/default/tela_cliente.html: -22
[2016-04-11 20:39:19] EDIT easypay/views/default/tela_cliente.html: 12
[2016-04-11 20:40:18] EDIT easypay/views/default/tela_cliente.html: 0
[2016-04-11 20:40:19] EDIT easypay/views/default/tela_cliente.html: 0
[2016-04-11 20:40:28] EDIT easypay/views/default/tela_cliente.html: 1
[2016-04-11 20:40:29] EDIT easypay/views/default/tela_cliente.html: 0
[2016-04-11 20:41:45] EDIT easypay/views/default/tela_cliente.html: 0
[2016-04-11 20:43:00] EDIT easypay/controllers/default.py: 0
[2016-04-11 20:44:44] EDIT easypay/controllers/default.py: -2
[2016-04-11 20:45:51] EDIT easypay/controllers/default.py: -17
[2016-04-11 20:46:58] EDIT easypay/controllers/default.py: -1
[2016-04-11 20:54:03] EDIT easypay/views/default/tela_cliente.html: -2
[2016-04-11 20:54:37] EDIT easypay/views/default/tela_cliente.html: 0
[2016-04-11 20:57:51] EDIT easypay/controllers/default.py: 3
[2016-04-11 20:59:19] EDIT easypay/controllers/default.py: -1
[2016-04-11 21:01:29] EDIT easypay/views/default/tela_cliente.html: 3
[2016-04-11 21:01:31] EDIT easypay/views/default/tela_cliente.html: 0
[2016-04-11 21:01:32] EDIT easypay/views/default/tela_cliente.html: 0
[2016-04-11 21:02:50] EDIT easypay/views/default/tela_cliente.html: 0
[2016-04-11 21:16:44] EDIT easypay/views/default/tela_cliente.html: 29
[2016-04-11 21:18:41] EDIT easypay/views/default/tela_cliente.html: 0
[2016-04-11 21:19:28] EDIT easypay/controllers/default.py: 1
[2016-04-11 21:22:00] EDIT easypay/views/default/tela_cliente.html: -5
[2016-04-11 21:22:55] EDIT easypay/views/default/tela_cliente.html: 2
[2016-04-11 21:25:16] EDIT easypay/views/default/tela_cliente.html: 0
[2016-04-11 21:33:43] EDIT easypay/views/default/tela_cliente.html: 1
[2016-04-11 21:34:16] CREATE confirma.html: 0
[2016-04-11 21:37:08] EDIT easypay/static/confirma.html: 19
[2016-04-11 21:46:28] EDIT easypay/views/default/tela_cliente.html: 0
[2016-04-12 05:38:02] UPLOAD /home/www-data/web2py/applications/easypay/static/images/logo.png: 46
[2016-04-12 05:39:29] EDIT easypay/views/default/index.html: 0
[2016-04-12 05:41:00] EDIT easypay/views/default/index.html: 31
[2016-04-12 05:41:32] EDIT easypay/controllers/default.py: 3
[2016-04-12 05:42:36] EDIT easypay/views/default/index.html: 0
[2016-04-12 05:44:08] EDIT easypay/views/default/index.html: 0
[2016-04-12 05:44:42] EDIT easypay/views/default/index.html: 0
[2016-04-12 05:44:43] EDIT easypay/views/default/index.html: 0
[2016-04-12 05:44:58] EDIT easypay/views/default/index.html: 0
[2016-04-12 05:45:25] EDIT easypay/views/default/index.html: 0
[2016-04-12 05:47:32] EDIT easypay/views/default/index.html: 0
[2016-04-12 05:47:54] EDIT easypay/views/default/index.html: 0
[2016-04-12 05:48:12] EDIT easypay/views/default/index.html: -1
[2016-04-12 05:51:20] EDIT easypay/views/default/index.html: 3
[2016-04-12 05:52:09] EDIT easypay/views/default/index.html: 0
[2016-04-12 05:52:30] EDIT easypay/views/default/index.html: 0
[2016-04-12 05:53:18] EDIT easypay/views/default/index.html: 0
[2016-04-12 05:53:38] EDIT easypay/views/default/index.html: 0
[2016-04-12 05:53:53] EDIT easypay/views/default/index.html: 0
[2016-04-12 05:54:07] EDIT easypay/views/default/index.html: 0
[2016-04-12 05:54:19] EDIT easypay/views/default/index.html: 0
[2016-04-12 05:54:57] EDIT easypay/views/default/index.html: -1
[2016-04-12 05:55:17] EDIT easypay/views/default/tela_qrcode.html: 2
[2016-04-12 05:55:34] EDIT easypay/views/default/tela_easypay.html: 2
[2016-04-12 05:55:53] EDIT easypay/views/default/tela_cliente.html: 2
[2016-04-12 05:56:16] EDIT easypay/views/default/ordem_de_venda.html: 2
[2016-04-12 05:57:36] EDIT easypay/views/default/index.html: 0
[2016-04-12 05:58:22] EDIT easypay/views/default/index.html: 0
[2016-04-12 05:58:23] EDIT easypay/views/default/index.html: 0
[2016-04-12 15:25:01] EDIT easypay/views/default/index.html: 0
[2016-04-12 15:27:50] CREATE default/tela_vendedor.html: 0
[2016-04-12 15:28:07] EDIT easypay/views/default/tela_vendedor.html: 155
[2016-04-12 15:31:30] EDIT easypay/views/default/tela_vendedor.html: 3
[2016-04-12 15:31:58] EDIT easypay/views/default/tela_vendedor.html: 0
[2016-04-12 15:32:11] EDIT easypay/views/default/tela_vendedor.html: 0
[2016-04-12 15:33:07] EDIT easypay/controllers/default.py: 11
[2016-04-12 15:36:52] EDIT easypay/views/default/index.html: 0
[2016-04-12 15:37:18] EDIT easypay/views/default/tela_cliente.html: 0
[2016-04-12 15:37:48] EDIT easypay/views/default/tela_qrcode.html: 0
[2016-04-12 15:38:27] EDIT easypay/views/default/tela_vendedor.html: 0
[2016-04-12 22:19:17] EDIT easypay/views/default/index.html: 0
[2016-04-12 22:20:35] EDIT easypay/views/default/index.html: 0
[2016-04-12 22:30:56] EDIT easypay/views/default/index.html: 0
[2016-04-12 22:32:23] EDIT easypay/views/default/index.html: 0
[2016-04-12 22:35:21] EDIT easypay/views/default/index.html: 0
[2016-04-12 22:36:32] EDIT easypay/views/default/index.html: 1
[2016-04-12 22:38:19] EDIT easypay/views/default/index.html: 2
[2016-04-12 22:39:20] EDIT easypay/views/default/index.html: -1
[2016-04-12 22:41:08] EDIT easypay/views/default/index.html: 0
[2016-04-12 22:45:03] EDIT easypay/controllers/default.py: 0
[2016-04-12 22:45:52] EDIT easypay/views/default/tela_qrcode.html: 0
[2016-04-12 22:47:37] EDIT easypay/views/default/tela_vendedor.html: -2
[2016-04-12 22:49:20] EDIT easypay/views/default/tela_vendedor.html: -1
[2016-04-12 22:51:00] EDIT easypay/views/default/tela_vendedor.html: 0
[2016-04-12 22:51:36] EDIT easypay/views/default/tela_qrcode.html: 0
[2016-04-12 22:54:20] EDIT easypay/views/default/tela_vendedor.html: 0
[2016-04-12 22:59:04] EDIT easypay/views/default/tela_qrcode.html: 0
[2016-04-12 23:07:18] EDIT easypay/views/default/tela_qrcode.html: 1
[2016-04-12 23:07:32] EDIT easypay/views/default/tela_qrcode.html: 1
[2016-04-12 23:07:33] EDIT easypay/views/default/tela_qrcode.html: 0
[2016-04-12 23:09:12] EDIT easypay/views/default/tela_qrcode.html: 0
[2016-04-12 23:13:25] EDIT easypay/views/default/tela_qrcode.html: 0
[2016-04-12 23:13:26] EDIT easypay/views/default/tela_qrcode.html: 0
[2016-04-12 23:13:27] EDIT easypay/views/default/tela_qrcode.html: 0
[2016-04-12 23:14:12] EDIT easypay/views/default/tela_qrcode.html: 0
[2016-04-12 23:17:27] EDIT easypay/views/default/tela_qrcode.html: -2
[2016-04-12 23:19:21] EDIT easypay/controllers/default.py: 0
[2016-04-13 05:31:51] EDIT easypay/views/default/tela_vendedor.html: 0
[2016-04-13 05:32:54] EDIT easypay/controllers/default.py: 3
[2016-04-13 05:33:00] EDIT easypay/controllers/default.py: 0
[2016-04-13 05:33:01] EDIT easypay/controllers/default.py: 0
[2016-04-13 05:33:40] CREATE default/tela_qrcode_off.html: 0
[2016-04-13 05:34:55] EDIT easypay/views/default/tela_qrcode_off.html: 56
[2016-04-13 05:37:07] EDIT easypay/views/default/tela_vendedor.html: 0
[2016-04-13 05:38:28] EDIT easypay/views/default/tela_vendedor.html: 1
[2016-04-13 05:38:44] EDIT easypay/views/default/tela_vendedor.html: 0
[2016-04-13 05:39:52] EDIT easypay/views/default/tela_vendedor.html: 0
[2016-04-13 05:40:29] EDIT easypay/views/default/tela_vendedor.html: 0
[2016-04-13 05:40:30] EDIT easypay/views/default/tela_vendedor.html: 0
[2016-04-13 05:49:59] EDIT easypay/views/default/tela_vendedor.html: 1
[2016-04-13 05:50:54] EDIT easypay/views/default/tela_vendedor.html: 0
[2016-04-13 05:52:05] EDIT easypay/views/default/tela_vendedor.html: 0
[2016-04-13 05:52:06] EDIT easypay/views/default/tela_vendedor.html: 0
[2016-04-13 05:54:42] EDIT easypay/views/default/tela_qrcode_off.html: 3
[2016-04-13 05:55:05] EDIT easypay/views/default/tela_qrcode_off.html: 0
[2016-04-13 05:55:34] EDIT easypay/views/default/tela_qrcode_off.html: 1
[2016-04-13 05:56:52] EDIT easypay/views/default/tela_qrcode_off.html: 2
[2016-04-13 05:58:23] EDIT easypay/views/default/tela_qrcode_off.html: 0
[2016-04-13 05:59:12] EDIT easypay/views/default/tela_qrcode_off.html: 0
[2016-04-13 06:04:49] EDIT easypay/views/default/tela_vendedor.html: 2
[2016-04-13 06:07:10] EDIT easypay/views/default/tela_vendedor.html: 0
[2016-04-13 06:10:39] EDIT easypay/views/default/tela_vendedor.html: 3
[2016-04-13 06:11:02] EDIT easypay/views/default/tela_vendedor.html: 0
[2016-04-13 06:17:34] EDIT easypay/views/default/tela_vendedor.html: 0
[2016-04-13 06:18:30] EDIT easypay/views/default/tela_vendedor.html: 0
[2016-04-13 06:18:32] EDIT easypay/views/default/tela_vendedor.html: 0
[2016-04-13 06:18:33] EDIT easypay/views/default/tela_vendedor.html: 0
[2016-04-13 06:18:34] EDIT easypay/views/default/tela_vendedor.html: 0
[2016-04-13 06:28:18] EDIT easypay/views/default/tela_vendedor.html: 0
[2016-04-13 06:29:11] EDIT easypay/views/default/tela_vendedor.html: 0
[2016-04-13 06:30:56] EDIT easypay/views/default/tela_vendedor.html: 0
[2016-04-13 06:30:58] EDIT easypay/views/default/tela_vendedor.html: 0
[2016-04-13 06:38:43] EDIT easypay/views/default/tela_easypay.html: 0
[2016-04-14 05:14:55] UPLOAD /home/www-data/web2py/applications/easypay/static/images/rejeitar.png: 342
[2016-04-14 05:21:58] EDIT easypay/views/default/tela_easypay.html: 13
[2016-04-14 05:24:45] EDIT easypay/views/default/tela_easypay.html: 3
[2016-04-14 05:26:13] EDIT easypay/views/default/tela_easypay.html: 2
[2016-04-14 05:27:53] EDIT easypay/views/default/tela_easypay.html: 0
[2016-04-14 05:28:55] EDIT easypay/views/default/tela_easypay.html: 0
[2016-04-14 05:30:55] EDIT easypay/views/default/tela_vendedor.html: 2
[2016-04-14 05:36:14] EDIT easypay/views/default/tela_vendedor.html: 0
[2016-04-14 05:43:00] EDIT easypay/views/default/tela_cliente.html: 1
[2016-04-14 05:45:31] EDIT easypay/views/default/tela_cliente.html: 10
[2016-04-14 05:46:04] EDIT easypay/views/default/tela_cliente.html: 0
[2016-04-14 05:46:04] EDIT easypay/views/default/tela_cliente.html: 0
[2016-04-14 05:46:27] EDIT easypay/views/default/tela_cliente.html: 0
[2016-04-14 05:48:49] EDIT easypay/views/default/tela_cliente.html: 3
[2016-04-14 05:49:16] CREATE rejeita.html: 0
[2016-04-14 05:49:37] EDIT easypay/static/rejeita.html: 19
[2016-04-14 06:04:57] EDIT easypay/views/default/tela_easypay.html: 0
[2016-04-14 06:05:47] EDIT easypay/views/default/tela_vendedor.html: 0
[2016-04-14 06:06:32] EDIT easypay/views/default/tela_cliente.html: 0
[2016-04-14 06:07:23] EDIT easypay/views/default/tela_vendedor.html: 0
[2016-04-14 06:08:03] EDIT easypay/views/default/tela_easypay.html: 0
[2016-04-14 18:35:20] EDIT easypay/models/db.py: 6
[2016-04-14 18:40:16] EDIT easypay/models/db.py: 0
[2016-04-14 18:42:48] EDIT easypay/models/db.py: 0
[2016-04-14 19:01:36] EDIT easypay/controllers/default.py: 3
[2016-04-14 19:02:09] CREATE default/produtos.html: 0
[2016-04-14 19:02:52] EDIT easypay/views/default/produtos.html: 0
[2016-04-14 19:09:53] EDIT easypay/views/default/produtos.html: 1
[2016-04-14 19:14:52] EDIT easypay/controllers/default.py: 0
[2016-04-14 19:16:06] EDIT easypay/controllers/default.py: 0
[2016-04-14 19:17:04] EDIT easypay/views/default/produtos.html: -2
[2016-04-14 19:17:17] EDIT easypay/views/default/produtos.html: 1
[2016-04-14 19:32:53] EDIT easypay/controllers/default.py: 2
[2016-04-14 19:33:18] EDIT easypay/controllers/default.py: 0
[2016-04-14 19:36:56] EDIT easypay/controllers/default.py: 1
[2016-04-14 19:37:16] EDIT easypay/controllers/default.py: 0
[2016-04-14 19:48:15] EDIT easypay/controllers/default.py: 0
[2016-04-14 19:52:29] EDIT easypay/controllers/default.py: 0
[2016-04-14 19:55:15] EDIT easypay/controllers/default.py: 0
[2016-04-14 19:59:08] EDIT easypay/controllers/default.py: 0
[2016-04-14 19:59:57] EDIT easypay/controllers/default.py: 0
[2016-04-14 19:59:57] EDIT easypay/controllers/default.py: 0
[2016-04-14 19:59:58] EDIT easypay/controllers/default.py: 0
[2016-04-14 19:59:58] EDIT easypay/controllers/default.py: 0
[2016-04-14 19:59:59] EDIT easypay/controllers/default.py: 0
[2016-04-14 20:00:00] EDIT easypay/controllers/default.py: 0
[2016-04-14 20:00:00] EDIT easypay/controllers/default.py: 0
[2016-04-14 20:06:39] EDIT easypay/controllers/default.py: 0
[2016-04-14 20:06:52] EDIT easypay/controllers/default.py: 0
[2016-04-14 20:07:24] EDIT easypay/controllers/default.py: 1
[2016-04-14 20:11:20] EDIT easypay/controllers/default.py: 0
[2016-04-14 20:13:55] EDIT easypay/controllers/default.py: 0
[2016-04-14 20:14:05] EDIT easypay/controllers/default.py: 0
[2016-04-14 20:21:38] EDIT easypay/controllers/default.py: 0
[2016-04-14 20:21:51] EDIT easypay/controllers/default.py: 0
[2016-04-14 20:21:52] EDIT easypay/controllers/default.py: 0
[2016-04-14 20:27:42] EDIT easypay/controllers/default.py: -2
[2016-04-14 20:34:32] EDIT easypay/controllers/default.py: 0
[2016-04-14 20:34:37] EDIT easypay/controllers/default.py: 0
[2016-04-14 20:34:54] EDIT easypay/controllers/default.py: 0
[2016-04-14 20:34:55] EDIT easypay/controllers/default.py: 0
[2016-04-14 20:34:56] EDIT easypay/controllers/default.py: 0
[2016-04-14 20:34:57] EDIT easypay/controllers/default.py: 0
[2016-04-14 20:35:11] EDIT easypay/controllers/default.py: 0
[2016-04-14 20:35:15] EDIT easypay/controllers/default.py: 0
[2016-04-14 20:35:15] EDIT easypay/controllers/default.py: 0
[2016-04-14 20:35:59] EDIT easypay/controllers/default.py: 1
[2016-04-14 20:35:59] EDIT easypay/controllers/default.py: 0
[2016-04-14 20:37:34] EDIT easypay/controllers/default.py: 0
[2016-04-14 20:37:52] EDIT easypay/controllers/default.py: 0
[2016-04-14 20:37:53] EDIT easypay/controllers/default.py: 0
[2016-04-14 20:37:55] EDIT easypay/controllers/default.py: 0
[2016-04-14 20:37:55] EDIT easypay/controllers/default.py: 0
[2016-04-14 20:37:56] EDIT easypay/controllers/default.py: 0
[2016-04-14 20:44:36] EDIT easypay/controllers/default.py: -1
[2016-04-14 20:47:03] EDIT easypay/controllers/default.py: 0
[2016-04-14 20:50:47] EDIT easypay/controllers/default.py: 1
[2016-04-14 20:52:52] EDIT easypay/models/db.py: 0
[2016-04-14 20:53:28] EDIT easypay/models/db.py: 0
[2016-04-14 20:55:33] EDIT easypay/controllers/default.py: 0
[2016-04-14 20:59:46] EDIT easypay/controllers/default.py: 0
[2016-04-14 20:59:47] EDIT easypay/controllers/default.py: 0
[2016-04-14 20:59:48] EDIT easypay/controllers/default.py: 0
[2016-04-14 20:59:48] EDIT easypay/controllers/default.py: 0
[2016-04-14 20:59:49] EDIT easypay/controllers/default.py: 0
[2016-04-14 20:59:49] EDIT easypay/controllers/default.py: 0
[2016-04-14 21:01:08] EDIT easypay/controllers/default.py: 1
[2016-04-14 21:01:55] EDIT easypay/controllers/default.py: 0
[2016-04-14 21:01:56] EDIT easypay/controllers/default.py: 0
[2016-04-14 21:01:57] EDIT easypay/controllers/default.py: 0
[2016-04-14 21:01:57] EDIT easypay/controllers/default.py: 0
[2016-04-14 21:02:46] EDIT easypay/controllers/default.py: 0
[2016-04-14 21:03:03] EDIT easypay/controllers/default.py: 0
[2016-04-14 21:03:04] EDIT easypay/controllers/default.py: 0
[2016-04-14 21:03:27] EDIT easypay/controllers/default.py: 0
[2016-04-14 21:03:57] EDIT easypay/models/db.py: 0
[2016-04-14 21:10:09] EDIT easypay/controllers/default.py: 5
[2016-04-14 21:10:11] EDIT easypay/controllers/default.py: 0
[2016-04-14 21:14:56] EDIT easypay/views/default/tela_vendedor.html: 9
[2016-04-14 21:16:06] EDIT easypay/views/default/tela_vendedor.html: -2
[2016-04-14 21:17:51] EDIT easypay/views/default/tela_vendedor.html: 2
[2016-04-14 21:19:15] EDIT easypay/views/default/tela_vendedor.html: 0
[2016-04-14 21:20:02] EDIT easypay/views/default/tela_vendedor.html: 0
[2016-04-14 21:20:19] EDIT easypay/views/default/tela_vendedor.html: 0
[2016-04-14 21:20:45] EDIT easypay/views/default/tela_vendedor.html: 0
[2016-04-14 21:21:11] EDIT easypay/views/default/tela_vendedor.html: 0
[2016-04-14 21:23:24] EDIT easypay/views/default/tela_vendedor.html: 5
[2016-04-14 21:25:24] EDIT easypay/views/default/tela_vendedor.html: -1
[2016-04-14 21:25:50] EDIT easypay/views/default/tela_vendedor.html: 0
[2016-04-14 21:27:08] EDIT easypay/views/default/tela_vendedor.html: 0
[2016-04-14 21:27:31] EDIT easypay/views/default/tela_vendedor.html: 0
[2016-04-14 21:27:32] EDIT easypay/views/default/tela_vendedor.html: 0
[2016-04-14 21:28:48] EDIT easypay/views/default/tela_vendedor.html: 1
[2016-04-14 21:31:30] EDIT easypay/views/default/tela_vendedor.html: 5
[2016-04-14 21:38:09] EDIT easypay/controllers/default.py: 0
[2016-04-15 05:24:34] EDIT easypay/controllers/default.py: 0
[2016-04-15 05:28:06] EDIT easypay/controllers/default.py: 2
[2016-04-15 05:28:08] EDIT easypay/controllers/default.py: 0
[2016-04-15 05:28:09] EDIT easypay/controllers/default.py: 0
[2016-04-15 05:30:28] EDIT easypay/controllers/default.py: 0
[2016-04-15 05:30:58] EDIT easypay/controllers/default.py: 1
[2016-04-15 05:30:59] EDIT easypay/controllers/default.py: 0
[2016-04-15 05:31:00] EDIT easypay/controllers/default.py: 0
[2016-04-15 05:31:00] EDIT easypay/controllers/default.py: 0
[2016-04-15 05:31:07] EDIT easypay/controllers/default.py: 0
[2016-04-15 05:31:08] EDIT easypay/controllers/default.py: 0
[2016-04-15 05:31:09] EDIT easypay/controllers/default.py: 0
[2016-04-15 05:31:10] EDIT easypay/controllers/default.py: 0
[2016-04-15 05:32:22] EDIT easypay/views/default/tela_vendedor.html: 0
[2016-04-15 05:33:30] EDIT easypay/controllers/default.py: 0
[2016-04-15 05:37:28] EDIT easypay/views/default/tela_vendedor.html: 4
[2016-04-15 05:39:31] EDIT easypay/views/default/tela_vendedor.html: 0
[2016-04-15 05:40:18] EDIT easypay/views/default/tela_vendedor.html: 0
[2016-04-15 05:40:40] EDIT easypay/views/default/tela_vendedor.html: 0
[2016-04-15 05:40:41] EDIT easypay/views/default/tela_vendedor.html: 0
[2016-04-15 05:41:59] EDIT easypay/views/default/tela_vendedor.html: 0
[2016-04-15 05:42:01] EDIT easypay/views/default/tela_vendedor.html: 0
[2016-04-15 05:44:07] EDIT easypay/views/default/tela_vendedor.html: 0
[2016-04-15 05:44:52] EDIT easypay/views/default/tela_vendedor.html: 0
[2016-04-15 05:45:20] EDIT easypay/views/default/tela_vendedor.html: 0
[2016-04-15 05:46:52] EDIT easypay/views/default/tela_vendedor.html: 1
[2016-04-15 05:47:36] EDIT easypay/views/default/tela_vendedor.html: 0
[2016-04-15 05:48:04] EDIT easypay/views/default/tela_vendedor.html: 0
[2016-04-15 05:48:41] EDIT easypay/views/default/tela_vendedor.html: 0
[2016-04-15 05:49:50] EDIT easypay/views/default/tela_vendedor.html: 0
[2016-04-15 05:51:44] EDIT easypay/views/default/tela_vendedor.html: 3
[2016-04-15 05:55:26] EDIT easypay/views/default/tela_vendedor.html: 0
[2016-04-15 05:56:56] EDIT easypay/views/default/tela_vendedor.html: 0
[2016-04-15 05:56:57] EDIT easypay/views/default/tela_vendedor.html: 0
[2016-04-15 05:58:11] EDIT easypay/views/default/tela_vendedor.html: 0
[2016-04-15 05:58:57] EDIT easypay/views/default/tela_vendedor.html: 0
[2016-04-15 05:59:09] EDIT easypay/views/default/tela_vendedor.html: 0
[2016-04-15 06:00:09] EDIT easypay/views/default/tela_vendedor.html: 0
[2016-04-15 06:03:27] EDIT easypay/views/default/tela_vendedor.html: 0
[2016-04-15 10:35:48] EDIT easypay/views/default/tela_vendedor.html: 2
[2016-04-15 10:37:48] EDIT easypay/views/default/tela_vendedor.html: 0
[2016-04-15 10:42:46] EDIT easypay/views/default/tela_vendedor.html: 0
[2016-04-15 10:43:41] EDIT easypay/views/default/tela_vendedor.html: 0
[2016-04-15 10:44:27] EDIT easypay/views/default/tela_vendedor.html: 0
[2016-04-15 10:44:54] EDIT easypay/views/default/tela_vendedor.html: 0
[2016-04-15 10:44:55] EDIT easypay/views/default/tela_vendedor.html: 0
[2016-04-15 10:45:20] EDIT easypay/views/default/tela_vendedor.html: 0
[2016-04-15 16:26:38] EDIT easypay/views/default/tela_vendedor.html: 0
[2016-04-15 16:28:58] EDIT easypay/views/default/tela_vendedor.html: 0
[2016-04-15 16:57:09] EDIT easypay/views/default/tela_vendedor.html: 0
[2016-04-15 16:58:34] EDIT easypay/views/default/tela_vendedor.html: 0
[2016-04-16 08:31:43] EDIT easypay/controllers/default.py: 16
[2016-04-16 08:35:37] EDIT easypay/controllers/default.py: 1
[2016-04-16 08:35:39] EDIT easypay/controllers/default.py: 0
[2016-04-16 08:40:09] EDIT easypay/views/default/user.html: -1
[2016-04-16 08:41:51] EDIT easypay/views/default/user.html: 1
[2016-04-16 09:19:26] EDIT easypay/views/default/tela_vendedor.html: 0
[2016-04-16 09:43:06] CREATE default/user_backup.html: 0
[2016-04-16 09:43:29] EDIT easypay/views/default/user_backup.html: 20
[2016-04-16 09:43:56] EDIT easypay/views/default/user.html: 6
[2016-04-16 09:44:29] EDIT easypay/views/default/user.html: -1
[2016-04-16 09:47:12] EDIT easypay/views/default/user.html: 0
[2016-04-16 09:47:25] EDIT easypay/views/default/user.html: 0
[2016-04-16 09:48:02] EDIT easypay/models/db.py: 0
[2016-04-16 09:52:35] EDIT easypay/views/default/user.html: -1
[2016-04-16 09:53:15] EDIT easypay/views/default/user.html: 0
[2016-04-16 09:53:29] EDIT easypay/views/default/user.html: 0
[2016-04-16 09:53:39] EDIT easypay/views/default/user.html: 0
[2016-04-16 09:53:50] EDIT easypay/views/default/user.html: 0
[2016-04-16 09:54:12] EDIT easypay/views/default/user.html: 0
[2016-04-16 09:54:33] EDIT easypay/views/default/user.html: 0
[2016-04-16 09:55:04] EDIT easypay/views/default/user.html: 0
[2016-04-16 09:58:59] EDIT easypay/views/default/tela_cliente.html: 0
[2016-04-16 09:59:32] EDIT easypay/views/default/tela_cliente.html: 0
[2016-04-16 18:17:56] EDIT easypay/views/default/user.html: 1
[2016-04-16 18:18:29] EDIT easypay/views/default/user.html: 0
[2016-04-16 18:18:48] EDIT easypay/views/default/user.html: 0
[2016-04-16 18:19:01] EDIT easypay/views/default/user.html: 0
[2016-04-16 18:19:21] EDIT easypay/views/default/user.html: 0
[2016-04-16 18:19:42] EDIT easypay/views/default/user.html: 0
[2016-04-16 18:20:18] EDIT easypay/views/default/user.html: 0
[2016-04-16 18:20:37] EDIT easypay/views/default/user.html: 0
[2016-04-16 18:20:52] EDIT easypay/views/default/user.html: 0
[2016-04-16 18:21:06] EDIT easypay/views/default/user.html: 0
[2016-04-16 18:21:16] EDIT easypay/views/default/user.html: 0
[2016-04-16 18:21:31] EDIT easypay/views/default/user.html: 0
[2016-04-16 18:22:24] EDIT easypay/views/default/user.html: 1
[2016-04-16 18:28:48] EDIT easypay/views/default/user.html: 1
[2016-04-16 18:29:09] EDIT easypay/views/default/tela_vendedor.html: 1
[2016-04-16 18:29:26] EDIT easypay/views/default/tela_cliente.html: 1
[2016-04-16 18:29:40] EDIT easypay/views/default/tela_easypay.html: 1
[2016-04-16 18:30:06] EDIT easypay/views/default/tela_qrcode_off.html: 2
[2016-04-16 18:30:28] EDIT easypay/views/default/tela_qrcode.html: 2
[2016-04-16 23:50:27] EDIT easypay/views/default/index.html: 0
[2016-04-16 23:51:05] EDIT easypay/views/default/tela_cliente.html: 0
[2016-04-16 23:51:34] EDIT easypay/views/default/tela_easypay.html: 0
[2016-04-16 23:51:55] EDIT easypay/views/default/tela_qrcode.html: 0
[2016-04-16 23:53:11] EDIT easypay/views/default/tela_qrcode.html: 0
[2016-04-16 23:54:18] EDIT easypay/views/default/tela_vendedor.html: 0
[2016-04-16 23:55:43] EDIT easypay/views/default/tela_easypay.html: 0
[2016-04-16 23:56:33] EDIT easypay/views/default/tela_vendedor.html: 0
[2016-04-16 23:57:29] EDIT easypay/views/default/tela_qrcode_off.html: 0
[2016-04-17 00:03:16] EDIT easypay/controllers/default.py: 2
[2016-04-17 00:04:14] EDIT easypay/views/default/tela_vendedor.html: 0
[2016-04-17 00:05:10] EDIT easypay/views/default/tela_vendedor.html: 1
[2016-04-17 00:09:10] EDIT easypay/views/default/tela_vendedor.html: 0
[2016-04-17 00:14:13] EDIT easypay/views/default/tela_cliente.html: 4
[2016-04-17 00:15:08] EDIT easypay/controllers/default.py: 1
[2016-04-17 00:17:24] EDIT easypay/views/default/tela_qrcode_off.html: 0
[2016-04-17 00:20:25] EDIT easypay/views/default/user.html: 0
[2016-04-17 00:21:09] EDIT easypay/views/default/tela_vendedor.html: 0
[2016-04-17 00:25:06] EDIT easypay/views/default/tela_cliente.html: 0
[2016-04-17 00:25:13] EDIT easypay/views/default/tela_cliente.html: 0
[2016-04-17 00:27:50] EDIT easypay/views/default/tela_cliente.html: 0
[2016-04-17 00:29:12] EDIT easypay/views/default/tela_cliente.html: 0
[2016-04-17 00:33:29] EDIT easypay/views/default/tela_vendedor.html: 0
[2016-04-17 11:19:55] EDIT easypay/views/default/index.html: 6
[2016-04-17 11:20:36] EDIT easypay/views/default/index.html: 0
[2016-04-17 11:20:55] EDIT easypay/views/default/index.html: 0
[2016-04-17 11:21:12] EDIT easypay/views/default/index.html: 0
[2016-04-17 11:22:27] EDIT easypay/views/default/index.html: 1
[2016-04-17 11:23:03] EDIT easypay/views/default/index.html: 0
[2016-04-17 11:23:48] EDIT easypay/views/default/index.html: -7
[2016-04-17 11:28:01] EDIT easypay/controllers/default.py: 4
[2016-04-17 11:33:12] EDIT easypay/controllers/default.py: 0
[2016-04-17 11:33:14] EDIT easypay/controllers/default.py: 0
[2016-04-17 11:35:02] EDIT easypay/views/default/index.html: 3
[2016-04-17 11:35:52] EDIT easypay/views/default/index.html: 0
[2016-04-17 11:38:34] EDIT easypay/views/default/index.html: 0
[2016-04-17 11:39:37] EDIT easypay/views/default/index.html: 0
[2016-04-17 11:40:42] EDIT easypay/views/default/tela_cliente.html: 3
[2016-04-17 11:41:00] EDIT easypay/views/default/tela_easypay.html: 3
[2016-04-17 11:41:18] EDIT easypay/views/default/tela_qrcode.html: 3
[2016-04-17 11:41:35] EDIT easypay/views/default/tela_qrcode_off.html: 3
[2016-04-17 11:41:55] EDIT easypay/views/default/tela_vendedor.html: 3
[2016-04-17 11:43:39] EDIT easypay/controllers/default.py: 0
[2016-04-17 11:44:28] EDIT easypay/controllers/default.py: 0
[2016-04-17 11:52:52] EDIT easypay/views/default/index.html: 5
[2016-04-17 11:56:00] EDIT easypay/views/default/index.html: 5
[2016-04-17 12:03:38] EDIT easypay/views/default/index.html: 0
[2016-04-17 12:06:02] CREATE navbar.html: 0
[2016-04-17 12:06:18] EDIT easypay/static/navbar.html: 33
[2016-04-17 12:08:13] EDIT easypay/views/default/index.html: -27
[2016-04-17 12:09:40] EDIT easypay/views/default/index.html: 0
[2016-04-17 12:10:37] CREATE default/navbar.html: 0
[2016-04-17 12:10:49] EDIT easypay/views/default/navbar.html: 30
[2016-04-17 12:11:17] EDIT easypay/controllers/default.py: 3
[2016-04-17 12:12:56] EDIT easypay/views/default/tela_cliente.html: -22
[2016-04-17 12:13:17] EDIT easypay/views/default/tela_easypay.html: -22
[2016-04-17 12:13:38] EDIT easypay/views/default/tela_qrcode.html: -22
[2016-04-17 12:13:56] EDIT easypay/views/default/tela_qrcode_off.html: -22
[2016-04-17 12:14:19] EDIT easypay/views/default/tela_vendedor.html: -22
[2016-04-17 12:15:20] EDIT easypay/views/default/index.html: -2
[2016-04-17 12:15:50] EDIT easypay/views/default/tela_cliente.html: 1
[2016-04-17 12:16:15] EDIT easypay/views/default/tela_easypay.html: 1
[2016-04-17 12:17:46] EDIT easypay/views/default/tela_easypay.html: 0
[2016-04-17 12:19:05] EDIT easypay/controllers/default.py: 1
[2016-04-17 12:20:30] EDIT easypay/views/default/tela_cliente.html: 0
[2016-04-17 12:20:48] EDIT easypay/views/default/tela_qrcode.html: 1
[2016-04-17 12:21:06] EDIT easypay/views/default/tela_qrcode_off.html: 1
[2016-04-17 12:21:27] EDIT easypay/views/default/tela_vendedor.html: 1
[2016-04-17 13:39:03] EDIT easypay/views/default/index.html: 0
[2016-04-17 13:39:16] EDIT easypay/views/default/index.html: 0
[2016-04-17 13:39:42] EDIT easypay/views/default/index.html: 0
[2016-04-17 13:40:03] EDIT easypay/views/default/index.html: 0
[2016-04-17 13:40:47] EDIT easypay/views/default/index.html: -3
[2016-04-17 13:41:12] EDIT easypay/views/default/index.html: 0
[2016-04-17 13:42:17] EDIT easypay/views/default/navbar.html: 0
[2016-04-17 13:43:01] EDIT easypay/views/default/navbar.html: 0
[2016-04-17 13:44:33] EDIT easypay/views/default/tela_cliente.html: 0
[2016-04-17 13:46:36] EDIT easypay/views/default/tela_cliente.html: 0
[2016-04-17 13:48:06] EDIT easypay/views/default/tela_cliente.html: 0
[2016-04-17 13:51:33] EDIT easypay/views/default/tela_easypay.html: -3
[2016-04-17 13:56:08] EDIT easypay/views/default/tela_qrcode.html: 0
[2016-04-17 13:56:52] EDIT easypay/views/default/tela_qrcode_off.html: 0
[2016-04-17 13:57:23] EDIT easypay/views/default/tela_qrcode_off.html: 0
[2016-04-17 13:59:37] EDIT easypay/views/default/tela_qrcode_off.html: 0
[2016-04-17 14:01:41] EDIT easypay/views/default/tela_vendedor.html: -28
[2016-04-17 10:12:23] EDIT easypay/views/default/index.html: 0
[2016-04-17 10:12:55] EDIT easypay/views/default/index.html: 0
[2016-04-17 16:16:05] EDIT easypay/controllers/default.py: 15
[2016-04-17 16:17:02] CREATE default/lista_de_produtos.html: 0
[2016-04-17 16:23:14] EDIT easypay/views/default/lista_de_produtos.html: 67
[2016-04-17 16:24:12] EDIT easypay/controllers/default.py: 2
[2016-04-17 16:25:16] EDIT easypay/views/default/lista_de_produtos.html: 0
[2016-04-17 16:26:46] EDIT easypay/controllers/default.py: 0
[2016-04-17 16:28:16] EDIT easypay/views/default/lista_de_produtos.html: -30
[2016-04-17 16:30:11] EDIT easypay/controllers/default.py: 0
[2016-04-17 16:30:58] EDIT easypay/views/default/lista_de_produtos.html: 0
[2016-04-17 16:32:24] EDIT easypay/views/default/lista_de_produtos.html: 0
[2016-04-17 16:34:40] EDIT easypay/views/default/lista_de_produtos.html: 0
[2016-04-17 16:46:36] EDIT easypay/views/default/lista_de_produtos.html: 0
[2016-04-17 16:46:50] EDIT easypay/views/default/lista_de_produtos.html: 0
[2016-04-17 16:47:24] EDIT easypay/views/default/lista_de_produtos.html: 0
[2016-04-17 16:48:38] EDIT easypay/views/default/lista_de_produtos.html: 3
[2016-04-17 16:49:06] EDIT easypay/views/default/lista_de_produtos.html: 0
[2016-04-17 16:50:23] EDIT easypay/views/default/lista_de_produtos.html: 0
[2016-04-17 16:51:03] EDIT easypay/views/default/lista_de_produtos.html: 0
[2016-04-17 16:51:22] EDIT easypay/views/default/lista_de_produtos.html: 0
[2016-04-17 16:54:10] EDIT easypay/views/default/lista_de_produtos.html: 0
[2016-04-17 16:54:47] EDIT easypay/views/default/lista_de_produtos.html: 0
[2016-04-17 16:54:50] EDIT easypay/views/default/lista_de_produtos.html: 0
[2016-04-17 16:54:56] EDIT easypay/views/default/lista_de_produtos.html: 0
[2016-04-17 16:56:46] EDIT easypay/views/default/lista_de_produtos.html: 2
[2016-04-17 16:57:09] EDIT easypay/views/default/lista_de_produtos.html: 0
[2016-04-17 16:57:51] EDIT easypay/views/default/lista_de_produtos.html: 0
[2016-04-17 16:58:09] EDIT easypay/views/default/lista_de_produtos.html: 0
[2016-04-17 16:58:50] EDIT easypay/views/default/lista_de_produtos.html: -1
[2016-04-17 16:59:03] EDIT easypay/views/default/lista_de_produtos.html: 0
[2016-04-17 17:06:22] EDIT easypay/views/default/lista_de_produtos.html: 0
[2016-04-17 17:06:47] EDIT easypay/views/default/lista_de_produtos.html: 0
[2016-04-17 17:07:17] EDIT easypay/views/default/lista_de_produtos.html: 0
[2016-04-17 17:07:48] EDIT easypay/views/default/lista_de_produtos.html: 0
[2016-04-17 17:07:51] EDIT easypay/views/default/lista_de_produtos.html: 0
[2016-04-17 17:09:08] EDIT easypay/views/default/navbar.html: 1
[2016-04-17 17:09:48] EDIT easypay/views/default/lista_de_produtos.html: 0
[2016-04-17 17:14:47] EDIT easypay/views/default/navbar.html: 0
[2016-04-18 05:07:30] EDIT easypay/views/default/index.html: 3
[2016-04-18 05:08:52] EDIT easypay/views/default/index.html: 0
[2016-04-18 05:16:12] EDIT easypay/views/default/index.html: -2
[2016-04-18 05:16:42] UPLOAD /home/www-data/web2py/applications/easypay/static/images/logo_iphone.png: 14
[2016-04-18 05:21:00] EDIT easypay/views/default/index.html: 0
[2016-04-18 05:21:27] EDIT easypay/views/default/index.html: 1
[2016-04-18 05:21:29] EDIT easypay/views/default/index.html: 0
[2016-04-18 05:23:45] EDIT easypay/views/default/lista_de_produtos.html: 2
[2016-04-18 05:24:08] EDIT easypay/views/default/tela_cliente.html: 2
[2016-04-18 05:24:22] EDIT easypay/views/default/tela_easypay.html: 2
[2016-04-18 05:24:37] EDIT easypay/views/default/tela_qrcode.html: 2
[2016-04-18 05:24:50] EDIT easypay/views/default/tela_qrcode_off.html: 2
[2016-04-18 05:25:08] EDIT easypay/views/default/tela_vendedor.html: 2
[2016-04-18 05:25:22] EDIT easypay/views/default/user.html: 2
[2016-04-18 08:01:43] EDIT easypay/views/default/index.html: 0
[2016-04-18 08:04:06] EDIT easypay/views/default/user.html: 0
[2016-04-18 08:08:09] EDIT easypay/views/default/user.html: 0
[2016-04-18 08:10:24] EDIT easypay/views/default/user.html: 0
[2016-04-18 08:24:05] DELETE easypay/static/images/logo_iphone.png: -14
[2016-04-18 08:24:31] UPLOAD /home/www-data/web2py/applications/easypay/static/images/logo_iphone.png: 16
[2016-04-18 08:36:54] EDIT easypay/views/default/navbar.html: 7
[2016-04-18 08:57:33] EDIT easypay/views/default/navbar.html: 1
[2016-04-18 08:58:10] EDIT easypay/views/default/index.html: 1
[2016-04-18 08:58:31] EDIT easypay/views/default/lista_de_produtos.html: 1
[2016-04-18 08:59:58] EDIT easypay/views/default/tela_cliente.html: 1
[2016-04-18 09:00:40] EDIT easypay/views/default/tela_easypay.html: 1
[2016-04-18 09:01:06] EDIT easypay/views/default/tela_qrcode.html: 1
[2016-04-18 09:01:31] EDIT easypay/views/default/tela_qrcode_off.html: 1
[2016-04-18 09:02:28] EDIT easypay/views/default/tela_vendedor.html: 1
[2016-04-18 09:03:39] EDIT easypay/views/default/user.html: -2
[2016-04-18 09:04:56] UPLOAD /home/www-data/web2py/applications/easypay/static/js/links.js: 15
[2016-04-18 09:19:50] EDIT easypay/views/default/navbar.html: 0
[2016-04-18 09:23:32] EDIT easypay/views/default/navbar.html: 0
[2016-04-18 09:23:58] EDIT easypay/views/default/navbar.html: 0
[2016-04-18 09:24:00] EDIT easypay/views/default/navbar.html: 0
[2016-04-18 09:24:01] EDIT easypay/views/default/navbar.html: 0
[2016-04-18 09:25:28] EDIT easypay/views/default/navbar.html: 0
[2016-04-18 09:26:14] EDIT easypay/views/default/navbar.html: 0
[2016-04-18 09:26:30] EDIT easypay/views/default/navbar.html: 0
[2016-04-18 09:27:21] EDIT easypay/views/default/navbar.html: 1
[2016-04-18 10:23:08] EDIT easypay/views/default/lista_de_produtos.html: 0
[2016-04-18 20:07:13] EDIT easypay/views/default/lista_de_produtos.html: 9
[2016-04-18 20:09:15] EDIT easypay/views/default/lista_de_produtos.html: -6
[2016-04-18 20:10:14] EDIT easypay/views/default/lista_de_produtos.html: 4
[2016-04-18 20:12:12] EDIT easypay/views/default/lista_de_produtos.html: 3
[2016-04-18 20:12:53] EDIT easypay/views/default/lista_de_produtos.html: -6
[2016-04-18 20:13:02] EDIT easypay/views/default/lista_de_produtos.html: 0
[2016-04-18 20:13:32] EDIT easypay/views/default/lista_de_produtos.html: -1
[2016-04-18 20:13:45] EDIT easypay/views/default/lista_de_produtos.html: 0
[2016-04-18 20:19:53] EDIT easypay/views/default/lista_de_produtos.html: 3
[2016-04-18 20:23:08] EDIT easypay/views/default/lista_de_produtos.html: 34
[2016-04-18 20:23:29] EDIT easypay/views/default/lista_de_produtos.html: 0
[2016-04-18 20:27:31] EDIT easypay/views/default/lista_de_produtos.html: 0
[2016-04-18 20:27:32] EDIT easypay/views/default/lista_de_produtos.html: 0
[2016-04-18 20:30:46] EDIT easypay/views/default/lista_de_produtos.html: 0
[2016-04-18 20:30:52] EDIT easypay/views/default/lista_de_produtos.html: 0
[2016-04-18 20:30:59] EDIT easypay/views/default/lista_de_produtos.html: 0
[2016-04-19 05:17:33] EDIT easypay/views/default/lista_de_produtos.html: 23
[2016-04-19 05:20:29] EDIT easypay/views/default/tela_qrcode_off.html: 1
[2016-04-19 05:36:38] EDIT easypay/models/db.py: 1
[2016-04-19 05:40:24] EDIT easypay/views/default/lista_de_produtos.html: 0
[2016-04-19 05:41:42] EDIT easypay/views/default/tela_qrcode_off.html: 0
[2016-04-19 20:35:42] EDIT easypay/views/default/lista_de_produtos.html: 0
[2016-04-19 20:36:23] EDIT easypay/views/default/lista_de_produtos.html: 0
[2016-04-19 20:39:25] EDIT easypay/views/default/lista_de_produtos.html: 0
[2016-04-19 20:44:52] EDIT easypay/views/default/lista_de_produtos.html: 4
[2016-04-19 20:46:42] EDIT easypay/views/default/lista_de_produtos.html: 0
[2016-04-19 20:47:34] EDIT easypay/views/default/lista_de_produtos.html: 1
[2016-04-19 20:50:29] EDIT easypay/views/default/lista_de_produtos.html: 0
[2016-04-19 20:53:33] EDIT easypay/views/default/lista_de_produtos.html: 0
[2016-04-19 20:54:31] EDIT easypay/views/default/lista_de_produtos.html: 0
[2016-04-19 20:55:21] EDIT easypay/views/default/lista_de_produtos.html: 0
[2016-04-19 20:55:32] EDIT easypay/views/default/lista_de_produtos.html: 0
[2016-04-19 21:04:05] EDIT easypay/views/default/lista_de_produtos.html: 3
[2016-04-19 21:04:38] EDIT easypay/views/default/lista_de_produtos.html: 0
[2016-04-19 21:05:53] EDIT easypay/views/default/lista_de_produtos.html: -1
[2016-04-19 21:07:32] EDIT easypay/views/default/lista_de_produtos.html: -3
[2016-04-19 21:08:09] EDIT easypay/views/default/lista_de_produtos.html: 0
[2016-04-19 21:10:45] EDIT easypay/views/default/lista_de_produtos.html: 6
[2016-04-19 21:10:47] EDIT easypay/views/default/lista_de_produtos.html: 0
[2016-04-19 21:11:55] EDIT easypay/views/default/lista_de_produtos.html: 1
[2016-04-19 21:17:09] EDIT easypay/views/default/lista_de_produtos.html: -7
[2016-04-19 21:19:01] EDIT easypay/views/default/lista_de_produtos.html: 0
[2016-04-19 21:19:57] EDIT easypay/views/default/lista_de_produtos.html: 1
[2016-04-19 21:21:00] EDIT easypay/views/default/lista_de_produtos.html: 0
[2016-04-19 21:21:24] EDIT easypay/views/default/lista_de_produtos.html: 0
[2016-04-19 21:23:15] EDIT easypay/views/default/lista_de_produtos.html: 2
[2016-04-19 21:32:09] EDIT easypay/views/default/lista_de_produtos.html: -8
[2016-04-19 21:33:10] EDIT easypay/views/default/lista_de_produtos.html: 0
[2016-04-19 21:35:40] EDIT easypay/views/default/lista_de_produtos.html: -1
[2016-04-19 21:38:27] EDIT easypay/views/default/lista_de_produtos.html: 0
[2016-04-19 21:38:44] EDIT easypay/views/default/lista_de_produtos.html: 1
[2016-04-19 21:39:26] EDIT easypay/views/default/lista_de_produtos.html: 0
[2016-04-19 21:39:28] EDIT easypay/views/default/lista_de_produtos.html: 0
[2016-04-19 21:39:29] EDIT easypay/views/default/lista_de_produtos.html: 0
[2016-04-19 21:39:29] EDIT easypay/views/default/lista_de_produtos.html: 0
[2016-04-19 21:39:30] EDIT easypay/views/default/lista_de_produtos.html: 0
[2016-04-19 21:39:31] EDIT easypay/views/default/lista_de_produtos.html: 0
[2016-04-19 21:39:31] EDIT easypay/views/default/lista_de_produtos.html: 0
[2016-04-19 21:39:48] EDIT easypay/views/default/lista_de_produtos.html: 0
[2016-04-19 21:40:36] EDIT easypay/views/default/lista_de_produtos.html: 0
[2016-04-19 21:40:37] EDIT easypay/views/default/lista_de_produtos.html: 0
[2016-04-19 21:40:38] EDIT easypay/views/default/lista_de_produtos.html: 0
[2016-04-19 21:45:51] EDIT easypay/views/default/lista_de_produtos.html: 0
[2016-04-19 21:45:53] EDIT easypay/views/default/lista_de_produtos.html: 0
[2016-04-19 21:45:54] EDIT easypay/views/default/lista_de_produtos.html: 0
[2016-04-19 21:45:55] EDIT easypay/views/default/lista_de_produtos.html: 0
[2016-04-19 21:45:56] EDIT easypay/views/default/lista_de_produtos.html: 0
[2016-04-19 21:49:29] EDIT easypay/views/default/lista_de_produtos.html: 0
[2016-04-19 21:49:55] EDIT easypay/views/default/lista_de_produtos.html: 0
[2016-04-19 21:49:56] EDIT easypay/views/default/lista_de_produtos.html: 0
[2016-04-19 21:49:57] EDIT easypay/views/default/lista_de_produtos.html: 0
[2016-04-19 21:50:51] EDIT easypay/views/default/lista_de_produtos.html: 0
[2016-04-19 21:51:20] EDIT easypay/views/default/lista_de_produtos.html: 0
[2016-04-20 05:22:19] EDIT easypay/views/default/lista_de_produtos.html: 0
[2016-04-20 05:25:10] EDIT easypay/views/default/lista_de_produtos.html: 3
[2016-04-20 05:25:50] EDIT easypay/views/default/lista_de_produtos.html: -1
[2016-04-20 05:26:02] EDIT easypay/views/default/lista_de_produtos.html: 1
[2016-04-20 05:26:53] EDIT easypay/views/default/lista_de_produtos.html: 1
[2016-04-20 05:28:16] EDIT easypay/views/default/lista_de_produtos.html: 3
[2016-04-20 05:28:57] EDIT easypay/views/default/lista_de_produtos.html: 0
[2016-04-20 05:31:28] EDIT easypay/views/default/lista_de_produtos.html: 0
[2016-04-20 05:55:25] EDIT easypay/controllers/default.py: 0
[2016-04-20 05:55:30] EDIT easypay/controllers/default.py: 0
[2016-04-20 05:55:32] EDIT easypay/controllers/default.py: 0
[2016-04-20 06:00:06] EDIT easypay/controllers/default.py: 0
[2016-04-20 06:00:57] EDIT easypay/controllers/default.py: 0
[2016-04-20 06:02:33] EDIT easypay/controllers/default.py: 0
[2016-04-21 18:22:36] EDIT easypay/controllers/default.py: 1
[2016-04-21 18:22:59] EDIT easypay/controllers/default.py: 0
[2016-04-21 18:23:52] EDIT easypay/controllers/default.py: 0
[2016-04-21 18:26:35] EDIT easypay/controllers/default.py: 0
[2016-04-21 18:31:50] EDIT easypay/controllers/default.py: 0
[2016-04-21 18:37:59] EDIT easypay/controllers/default.py: 0
[2016-04-21 18:42:53] EDIT easypay/controllers/default.py: 0
[2016-04-21 18:47:51] EDIT easypay/controllers/default.py: 0
[2016-04-21 18:47:59] EDIT easypay/controllers/default.py: 0
[2016-04-21 18:49:08] EDIT easypay/controllers/default.py: 0
[2016-04-21 21:49:22] EDIT easypay/controllers/default.py: 4
[2016-04-21 21:49:46] CREATE default/undefined.html: 0
[2016-04-21 21:50:26] EDIT easypay/views/default/undefined.html: 16
[2016-04-22 10:28:50] EDIT easypay/controllers/default.py: 3
[2016-04-22 10:29:59] EDIT easypay/controllers/default.py: 0
[2016-04-22 10:55:35] EDIT easypay/controllers/default.py: 0
[2016-04-22 10:56:49] EDIT easypay/controllers/default.py: 0
[2016-04-22 10:56:51] EDIT easypay/controllers/default.py: 0
[2016-04-22 10:56:52] EDIT easypay/controllers/default.py: 0
[2016-04-22 10:59:25] EDIT easypay/controllers/default.py: 4
[2016-04-22 11:01:09] EDIT easypay/controllers/default.py: -6
[2016-04-22 11:02:06] EDIT easypay/controllers/default.py: 0
[2016-04-22 11:03:24] EDIT easypay/controllers/default.py: -9
[2016-04-22 12:27:59] EDIT easypay/views/default/tela_vendedor.html: 0
[2016-04-22 12:28:55] EDIT easypay/views/default/tela_vendedor.html: 0
[2016-04-22 13:29:47] EDIT easypay/controllers/default.py: -11
[2016-04-22 22:33:39] EDIT easypay/views/default/navbar.html: 0
[2016-04-22 22:35:01] EDIT easypay/views/default/navbar.html: 0
[2016-04-22 22:35:40] EDIT easypay/views/default/navbar.html: 0
[2016-04-22 22:36:15] EDIT easypay/views/default/navbar.html: 0
[2016-04-22 22:38:03] EDIT easypay/views/default/navbar.html: 0
[2016-04-22 22:39:14] EDIT easypay/views/default/navbar.html: 0
[2016-04-22 22:42:09] EDIT easypay/views/default/navbar.html: 0
[2016-04-22 22:44:25] EDIT easypay/views/default/navbar.html: 6
[2016-04-22 22:45:20] EDIT easypay/views/default/navbar.html: 0
[2016-04-22 22:52:54] EDIT easypay/views/default/navbar.html: 0
[2016-04-22 22:54:14] EDIT easypay/views/default/navbar.html: 0
[2016-04-22 22:54:59] EDIT easypay/views/default/navbar.html: -2
[2016-04-22 22:55:31] EDIT easypay/views/default/navbar.html: -1
[2016-04-22 22:57:31] EDIT easypay/views/default/navbar.html: -1
[2016-04-22 22:58:06] EDIT easypay/views/default/navbar.html: 0
[2016-04-22 22:58:23] EDIT easypay/views/default/navbar.html: 0
[2016-04-22 23:01:44] EDIT easypay/views/default/navbar.html: 0
[2016-04-22 23:05:06] EDIT easypay/views/default/navbar.html: 0
[2016-04-22 23:05:11] EDIT easypay/views/default/navbar.html: 0
[2016-04-22 23:05:38] EDIT easypay/views/default/navbar.html: 0
[2016-04-22 23:07:45] EDIT easypay/views/default/navbar.html: 0
[2016-04-22 23:09:22] EDIT easypay/views/default/navbar.html: 0
[2016-04-22 23:12:01] EDIT easypay/views/default/navbar.html: 1
[2016-04-22 23:14:04] EDIT easypay/views/default/navbar.html: 0
[2016-04-22 23:14:05] EDIT easypay/views/default/navbar.html: 0
[2016-04-22 23:14:06] EDIT easypay/views/default/navbar.html: 0
[2016-04-22 23:14:07] EDIT easypay/views/default/navbar.html: 0
[2016-04-22 23:15:01] EDIT easypay/views/default/navbar.html: -3
[2016-04-22 23:17:12] EDIT easypay/views/default/navbar.html: -1
[2016-04-22 23:19:19] EDIT easypay/views/default/navbar.html: -3
[2016-04-22 23:23:55] EDIT easypay/views/default/navbar.html: 18
[2016-04-22 23:24:11] EDIT easypay/views/default/navbar.html: -31
[2016-04-22 23:24:50] EDIT easypay/views/default/navbar.html: -1
[2016-04-22 23:26:56] EDIT easypay/views/default/navbar.html: 0
[2016-04-22 23:27:00] EDIT easypay/views/default/navbar.html: 0
[2016-04-22 23:27:01] EDIT easypay/views/default/navbar.html: 0
[2016-04-22 23:28:09] EDIT easypay/views/default/navbar.html: 0
[2016-04-22 23:29:29] EDIT easypay/views/default/navbar.html: 0
[2016-04-22 23:31:18] EDIT easypay/views/default/navbar.html: 0
[2016-04-22 23:35:37] EDIT easypay/views/default/navbar.html: 12
[2016-04-22 23:36:14] EDIT easypay/views/default/navbar.html: 0
[2016-04-22 23:40:05] EDIT easypay/views/default/navbar.html: 1
[2016-04-22 23:42:11] EDIT easypay/views/default/navbar.html: 0
[2016-04-22 23:42:55] EDIT easypay/views/default/navbar.html: 0
[2016-04-22 23:43:44] EDIT easypay/views/default/navbar.html: 0
[2016-04-22 23:45:31] EDIT easypay/views/default/navbar.html: 0
[2016-04-22 23:47:22] EDIT easypay/views/default/navbar.html: 0
[2016-04-22 23:47:40] EDIT easypay/views/default/navbar.html: 0
[2016-04-22 23:48:05] EDIT easypay/views/default/navbar.html: 0
[2016-04-22 23:49:24] EDIT easypay/views/default/navbar.html: 0
[2016-04-22 23:50:19] EDIT easypay/views/default/navbar.html: 0
[2016-04-22 23:50:45] EDIT easypay/views/default/navbar.html: 0
[2016-04-22 23:51:25] EDIT easypay/views/default/navbar.html: 0
[2016-04-23 09:13:22] EDIT easypay/views/default/navbar.html: 3
[2016-04-23 09:13:34] EDIT easypay/views/default/navbar.html: 0
[2016-04-23 09:16:21] CREATE css/custom_easypay.css: 0
[2016-04-23 09:19:04] EDIT easypay/static/css/custom_easypay.css: 3
[2016-04-23 09:19:05] EDIT easypay/static/css/custom_easypay.css: 0
[2016-04-23 09:20:16] EDIT easypay/views/default/navbar.html: 1
[2016-04-23 09:24:03] EDIT easypay/static/css/custom_easypay.css: 5
[2016-04-23 09:25:39] EDIT easypay/static/css/custom_easypay.css: -3
[2016-04-23 09:27:27] EDIT easypay/static/css/custom_easypay.css: -1
[2016-04-23 09:31:41] EDIT easypay/static/css/custom_easypay.css: -1
[2016-04-23 09:32:39] EDIT easypay/static/css/custom_easypay.css: 0
[2016-04-23 09:33:01] EDIT easypay/static/css/custom_easypay.css: -3
[2016-04-23 09:40:52] EDIT easypay/static/css/custom_easypay.css: 3
[2016-04-23 09:43:25] EDIT easypay/static/css/custom_easypay.css: 0
[2016-04-23 09:44:38] EDIT easypay/static/css/custom_easypay.css: 0
[2016-04-23 09:47:07] EDIT easypay/static/css/custom_easypay.css: 0
[2016-04-23 09:47:24] EDIT easypay/static/css/custom_easypay.css: 0
[2016-04-23 09:49:54] EDIT easypay/static/css/custom_easypay.css: 0
[2016-04-23 09:49:55] EDIT easypay/static/css/custom_easypay.css: 0
[2016-04-23 09:53:07] EDIT easypay/static/css/custom_easypay.css: 3
[2016-04-23 09:54:47] EDIT easypay/static/css/custom_easypay.css: 0
[2016-04-23 16:18:41] CREATE default/novonavbar.html: 0
[2016-04-23 16:19:02] EDIT easypay/views/default/novonavbar.html: 163
[2016-04-23 16:19:36] EDIT easypay/controllers/default.py: 3
[2016-04-23 16:25:21] CREATE css/navbar.css: 0
[2016-04-23 16:25:36] EDIT easypay/static/css/navbar.css: 98
[2016-04-23 16:26:45] EDIT easypay/views/default/novonavbar.html: 5
[2016-04-23 16:30:54] EDIT easypay/views/default/novonavbar.html: 0
[2016-04-23 16:31:10] EDIT easypay/views/default/novonavbar.html: 0
[2016-04-23 16:31:44] EDIT easypay/views/default/novonavbar.html: -10
[2016-04-23 16:32:36] EDIT easypay/views/default/novonavbar.html: -88
[2016-04-23 16:32:47] EDIT easypay/views/default/novonavbar.html: 88
[2016-04-23 16:33:41] EDIT easypay/views/default/novonavbar.html: -86
[2016-04-23 16:33:51] EDIT easypay/views/default/novonavbar.html: 0
[2016-04-23 16:33:53] EDIT easypay/views/default/novonavbar.html: 0
[2016-04-23 16:34:05] EDIT easypay/views/default/novonavbar.html: 0
[2016-04-23 16:34:06] EDIT easypay/views/default/novonavbar.html: 0
[2016-04-23 16:36:51] EDIT easypay/views/default/novonavbar.html: -15
[2016-04-23 16:38:18] EDIT easypay/views/default/novonavbar.html: 2
[2016-04-23 16:44:34] EDIT easypay/views/default/novonavbar.html: 0
[2016-04-23 16:47:54] EDIT easypay/views/default/novonavbar.html: 1
[2016-04-23 16:49:03] EDIT easypay/views/default/novonavbar.html: -11
[2016-04-23 16:50:17] EDIT easypay/views/default/novonavbar.html: 0
[2016-04-23 16:53:03] EDIT easypay/views/default/novonavbar.html: 0
[2016-04-23 16:53:43] EDIT easypay/views/default/novonavbar.html: 0
[2016-04-23 16:54:30] EDIT easypay/views/default/novonavbar.html: 0
[2016-04-23 16:55:47] EDIT easypay/views/default/novonavbar.html: 7
[2016-04-23 16:56:47] EDIT easypay/views/default/novonavbar.html: 0
[2016-04-23 16:58:06] EDIT easypay/views/default/novonavbar.html: 0
[2016-04-23 17:00:47] EDIT easypay/views/default/novonavbar.html: 86
[2016-04-23 17:02:40] EDIT easypay/views/default/novonavbar.html: 14
[2016-04-23 17:04:01] EDIT easypay/views/default/novonavbar.html: 0
[2016-04-23 17:07:34] EDIT easypay/views/default/novonavbar.html: 3
[2016-04-23 17:08:57] EDIT easypay/views/default/novonavbar.html: 0
[2016-04-23 17:12:27] EDIT easypay/views/default/novonavbar.html: -72
[2016-04-23 17:12:29] EDIT easypay/views/default/novonavbar.html: 0
[2016-04-23 17:13:48] EDIT easypay/views/default/novonavbar.html: 0
[2016-04-23 17:16:09] EDIT easypay/views/default/novonavbar.html: -3
[2016-04-23 17:16:49] EDIT easypay/views/default/novonavbar.html: 0
[2016-04-23 17:17:43] EDIT easypay/views/default/novonavbar.html: 0
[2016-04-23 17:18:33] EDIT easypay/views/default/novonavbar.html: 0
[2016-04-23 17:19:56] EDIT easypay/views/default/novonavbar.html: -2
[2016-04-23 17:22:50] EDIT easypay/views/default/novonavbar.html: 0
[2016-04-23 17:23:16] EDIT easypay/views/default/novonavbar.html: 0
[2016-04-23 17:25:04] EDIT easypay/views/default/novonavbar.html: 2
[2016-04-23 17:26:00] EDIT easypay/views/default/novonavbar.html: 0
[2016-04-23 17:26:01] EDIT easypay/views/default/novonavbar.html: 0
[2016-04-23 17:26:02] EDIT easypay/views/default/novonavbar.html: 0
[2016-04-23 17:26:03] EDIT easypay/views/default/novonavbar.html: 0
[2016-04-23 17:28:53] EDIT easypay/views/default/novonavbar.html: -2
[2016-04-23 17:40:15] EDIT easypay/views/default/novonavbar.html: 0
[2016-04-23 17:43:23] EDIT easypay/views/default/novonavbar.html: 1
[2016-04-23 17:46:55] EDIT easypay/views/default/novonavbar.html: 0
[2016-04-23 17:53:58] EDIT easypay/views/default/novonavbar.html: 2
[2016-04-23 17:54:56] EDIT easypay/controllers/default.py: 1
[2016-04-23 17:59:37] EDIT easypay/views/default/novonavbar.html: 10
[2016-04-23 18:00:54] EDIT easypay/views/default/novonavbar.html: 0
[2016-04-23 18:04:40] EDIT easypay/views/default/novonavbar.html: 4
[2016-04-23 18:07:21] EDIT easypay/views/default/novonavbar.html: -2
[2016-04-23 18:07:58] EDIT easypay/views/default/novonavbar.html: -2
[2016-04-23 18:08:18] EDIT easypay/views/default/novonavbar.html: 0
[2016-04-23 18:09:03] EDIT easypay/views/default/novonavbar.html: 0
[2016-04-23 18:11:20] EDIT easypay/views/default/novonavbar.html: 4
[2016-04-23 18:12:13] EDIT easypay/views/default/novonavbar.html: -4
[2016-04-23 18:13:48] EDIT easypay/views/default/novonavbar.html: 4
[2016-04-23 18:16:38] EDIT easypay/views/default/novonavbar.html: 3
[2016-04-23 18:19:08] EDIT easypay/views/default/novonavbar.html: 1
[2016-04-23 18:21:07] EDIT easypay/views/default/novonavbar.html: -9
[2016-04-23 18:25:02] EDIT easypay/views/default/novonavbar.html: 0
[2016-04-23 18:26:08] EDIT easypay/views/default/novonavbar.html: 1
[2016-04-23 18:28:59] EDIT easypay/views/default/novonavbar.html: 0
[2016-04-23 18:30:30] EDIT easypay/views/default/novonavbar.html: 0
[2016-04-23 18:30:51] EDIT easypay/views/default/novonavbar.html: 0
[2016-04-23 18:31:36] EDIT easypay/views/default/novonavbar.html: -1
[2016-04-23 18:33:32] EDIT easypay/views/default/novonavbar.html: 0
[2016-04-23 18:33:54] EDIT easypay/views/default/novonavbar.html: 0
[2016-04-23 18:34:19] EDIT easypay/views/default/novonavbar.html: 0
[2016-04-23 18:39:40] EDIT easypay/views/default/novonavbar.html: 0
[2016-04-23 18:39:56] EDIT easypay/views/default/novonavbar.html: 0
[2016-04-23 18:42:56] EDIT easypay/views/default/novonavbar.html: -11
[2016-04-23 18:47:33] EDIT easypay/views/default/novonavbar.html: 12
[2016-04-23 18:49:19] EDIT easypay/views/default/novonavbar.html: 1
[2016-04-23 18:53:55] CREATE default/oldnavbar.html: 0
[2016-04-23 18:54:13] EDIT easypay/views/default/oldnavbar.html: 39
[2016-04-23 18:54:56] EDIT easypay/views/default/navbar.html: 57
[2016-04-23 18:56:36] EDIT easypay/views/default/navbar.html: 1
[2016-04-23 18:59:16] EDIT easypay/views/default/navbar.html: 0
[2016-04-23 18:59:17] EDIT easypay/views/default/navbar.html: 0
[2016-04-23 18:59:18] EDIT easypay/views/default/navbar.html: 0
[2016-04-23 19:12:43] EDIT easypay/static/js/links.js: 12
[2016-04-23 19:15:00] EDIT easypay/static/js/links.js: -12
[2016-04-23 19:15:04] EDIT easypay/static/js/links.js: 0
[2016-04-23 19:16:14] EDIT easypay/static/js/links.js: 12
[2016-04-23 19:17:15] EDIT easypay/views/default/navbar.html: -14
[2016-04-23 19:17:16] EDIT easypay/views/default/navbar.html: 0
[2016-04-23 19:20:56] EDIT easypay/controllers/default.py: 0
[2016-04-23 19:23:00] EDIT easypay/views/default/navbar.html: 3
[2016-04-23 19:23:22] EDIT easypay/views/default/navbar.html: -2
[2016-04-23 19:26:39] EDIT easypay/views/default/lista_de_produtos.html: 0
[2016-04-23 19:26:58] EDIT easypay/views/default/lista_de_produtos.html: 0
[2016-04-23 19:27:08] EDIT easypay/views/default/lista_de_produtos.html: -1
[2016-04-23 19:31:40] EDIT easypay/static/js/links.js: -12
[2016-04-23 19:40:53] EDIT easypay/static/js/links.js: 12
[2016-04-23 19:41:07] EDIT easypay/static/js/links.js: 0
[2016-04-23 19:41:08] EDIT easypay/static/js/links.js: 0
[2016-04-23 19:49:01] EDIT easypay/views/default/navbar.html: 0
[2016-04-23 19:51:40] EDIT easypay/static/js/links.js: 3
[2016-04-23 19:57:23] EDIT easypay/views/default/lista_de_produtos.html: -3
[2016-04-23 19:57:45] EDIT easypay/views/default/lista_de_produtos.html: -1
[2016-04-23 19:58:29] EDIT easypay/views/default/lista_de_produtos.html: -7
[2016-04-23 20:00:41] EDIT easypay/views/default/lista_de_produtos.html: 0
[2016-04-23 20:00:55] EDIT easypay/views/default/lista_de_produtos.html: 0
[2016-04-23 20:01:28] EDIT easypay/views/default/lista_de_produtos.html: 0
[2016-04-23 23:20:31] EDIT easypay/views/default/navbar.html: 0
[2016-04-23 23:22:29] EDIT easypay/views/default/navbar.html: -2
[2016-04-23 23:23:52] EDIT easypay/views/default/navbar.html: 2
[2016-04-23 23:29:07] EDIT easypay/views/default/navbar.html: 0
[2016-04-23 23:38:40] EDIT easypay/static/css/navbar.css: 6
[2016-04-23 23:39:02] EDIT easypay/static/css/navbar.css: 0
[2016-04-23 23:39:15] EDIT easypay/static/css/navbar.css: 0
[2016-04-23 23:39:33] EDIT easypay/static/css/navbar.css: 0
[2016-04-23 23:39:43] EDIT easypay/static/css/navbar.css: 0
[2016-04-23 23:39:47] EDIT easypay/static/css/navbar.css: 0
[2016-04-23 23:39:56] EDIT easypay/static/css/navbar.css: 0
[2016-04-23 23:40:11] EDIT easypay/static/css/navbar.css: 0
[2016-04-23 23:40:19] EDIT easypay/static/css/navbar.css: 0
[2016-04-23 23:40:25] EDIT easypay/static/css/navbar.css: 0
[2016-04-23 23:40:33] EDIT easypay/static/css/navbar.css: 0
[2016-04-23 23:40:45] EDIT easypay/static/css/navbar.css: 0
[2016-04-23 23:40:48] EDIT easypay/static/css/navbar.css: 0
[2016-04-23 23:40:59] EDIT easypay/static/css/navbar.css: 0
[2016-04-23 23:41:26] EDIT easypay/static/css/navbar.css: 0
[2016-04-23 23:41:39] EDIT easypay/static/css/navbar.css: 0
[2016-04-23 23:42:00] EDIT easypay/static/css/navbar.css: 1
[2016-04-23 23:42:14] EDIT easypay/static/css/navbar.css: 0
[2016-04-23 23:42:24] EDIT easypay/static/css/navbar.css: 0
[2016-04-23 23:44:19] EDIT easypay/static/css/navbar.css: 0
[2016-04-23 23:44:32] EDIT easypay/static/css/navbar.css: 0
[2016-04-23 23:44:47] EDIT easypay/static/css/navbar.css: 0
[2016-04-23 23:45:08] EDIT easypay/static/css/navbar.css: 0
[2016-04-23 23:45:32] EDIT easypay/static/css/navbar.css: 0
[2016-04-23 23:45:47] EDIT easypay/static/css/navbar.css: 0
[2016-04-23 23:46:13] EDIT easypay/static/css/navbar.css: 0
[2016-04-23 23:48:13] EDIT easypay/static/css/navbar.css: 3
[2016-04-23 23:48:17] EDIT easypay/static/css/navbar.css: 0
[2016-04-23 23:48:29] EDIT easypay/static/css/navbar.css: 0
[2016-04-23 23:48:41] EDIT easypay/static/css/navbar.css: 0
[2016-04-23 23:48:57] EDIT easypay/static/css/navbar.css: 0
[2016-04-23 23:49:09] EDIT easypay/static/css/navbar.css: 0
[2016-04-23 23:49:26] EDIT easypay/static/css/navbar.css: 0
[2016-04-23 23:49:46] EDIT easypay/static/css/navbar.css: 0
[2016-04-23 23:50:03] EDIT easypay/static/css/navbar.css: 0
[2016-04-23 23:50:21] EDIT easypay/static/css/navbar.css: 0
[2016-04-23 23:50:46] EDIT easypay/static/css/navbar.css: 0
[2016-04-23 23:50:57] EDIT easypay/static/css/navbar.css: 0
[2016-04-23 23:51:17] EDIT easypay/static/css/navbar.css: 0
[2016-04-23 23:51:29] EDIT easypay/static/css/navbar.css: 0
[2016-04-23 23:51:43] EDIT easypay/static/css/navbar.css: 0
[2016-04-23 23:52:35] EDIT easypay/static/css/navbar.css: 0
[2016-04-23 23:52:50] EDIT easypay/static/css/navbar.css: 0
[2016-04-23 23:52:52] EDIT easypay/static/css/navbar.css: 0
[2016-04-23 23:56:30] EDIT easypay/static/css/navbar.css: 1
[2016-04-23 23:56:51] EDIT easypay/static/css/navbar.css: 0
[2016-04-23 23:57:10] EDIT easypay/static/css/navbar.css: 0
[2016-04-23 23:57:38] EDIT easypay/static/css/navbar.css: 1
[2016-04-23 23:57:49] EDIT easypay/static/css/navbar.css: 0
[2016-04-23 23:58:09] EDIT easypay/static/css/navbar.css: -2
[2016-04-23 23:58:18] EDIT easypay/static/css/navbar.css: 2
[2016-04-23 23:58:34] EDIT easypay/static/css/navbar.css: 0
[2016-04-23 23:58:46] EDIT easypay/static/css/navbar.css: 0
[2016-04-23 23:59:04] EDIT easypay/static/css/navbar.css: 0
[2016-04-23 23:59:50] EDIT easypay/static/css/navbar.css: 0
[2016-04-24 00:04:50] EDIT easypay/static/css/navbar.css: -4
[2016-04-24 00:05:38] EDIT easypay/static/css/navbar.css: 9
[2016-04-24 00:05:45] EDIT easypay/static/css/navbar.css: -9
[2016-04-24 00:06:05] EDIT easypay/static/css/navbar.css: 0
[2016-04-24 00:06:24] EDIT easypay/static/css/navbar.css: 0
[2016-04-24 00:06:38] EDIT easypay/static/css/navbar.css: 0
[2016-04-24 00:06:53] EDIT easypay/static/css/navbar.css: 0
[2016-04-24 00:07:14] EDIT easypay/static/css/navbar.css: 0
[2016-04-24 00:07:30] EDIT easypay/static/css/navbar.css: 0
[2016-04-24 00:07:53] EDIT easypay/static/css/navbar.css: 1
[2016-04-24 00:08:10] EDIT easypay/static/css/navbar.css: 0
[2016-04-24 00:08:30] EDIT easypay/static/css/navbar.css: 1
[2016-04-24 00:08:59] EDIT easypay/static/css/navbar.css: 0
[2016-04-24 00:09:09] EDIT easypay/static/css/navbar.css: 0
[2016-04-24 00:09:34] EDIT easypay/static/css/navbar.css: 1
[2016-04-24 00:09:45] EDIT easypay/static/css/navbar.css: 0
[2016-04-24 00:10:01] EDIT easypay/static/css/navbar.css: 0
[2016-04-24 00:10:10] EDIT easypay/static/css/navbar.css: 0
[2016-04-24 00:12:30] EDIT easypay/views/default/tela_vendedor.html: -1
[2016-04-24 00:18:24] EDIT easypay/views/default/tela_vendedor.html: -9
[2016-04-24 00:19:22] EDIT easypay/views/default/tela_vendedor.html: 0
[2016-04-24 00:20:12] EDIT easypay/views/default/tela_vendedor.html: 0
[2016-04-24 00:21:32] EDIT easypay/views/default/tela_vendedor.html: 0
[2016-04-24 00:22:12] EDIT easypay/views/default/tela_vendedor.html: 0
[2016-04-24 00:23:30] EDIT easypay/views/default/tela_vendedor.html: 1
[2016-04-24 00:24:11] EDIT easypay/views/default/tela_vendedor.html: 0
[2016-04-24 00:24:24] EDIT easypay/views/default/tela_vendedor.html: 0
[2016-04-24 00:25:38] EDIT easypay/views/default/tela_vendedor.html: 0
[2016-04-24 00:25:57] EDIT easypay/views/default/tela_vendedor.html: 0
[2016-04-24 00:28:34] EDIT easypay/views/default/tela_easypay.html: 2
[2016-04-24 00:29:09] EDIT easypay/views/default/tela_easypay.html: 0
[2016-04-24 00:30:18] EDIT easypay/views/default/tela_easypay.html: 0
[2016-04-24 00:30:32] EDIT easypay/views/default/tela_easypay.html: 0
[2016-04-24 00:30:55] EDIT easypay/views/default/tela_easypay.html: 0
[2016-04-24 00:32:19] EDIT easypay/views/default/tela_vendedor.html: -1
[2016-04-24 00:32:50] EDIT easypay/views/default/tela_vendedor.html: 0
[2016-04-24 00:33:02] EDIT easypay/views/default/tela_vendedor.html: 0
[2016-04-24 00:37:25] EDIT easypay/views/default/tela_vendedor.html: 0
[2016-04-24 00:37:38] EDIT easypay/views/default/tela_vendedor.html: 0
[2016-04-24 07:30:21] EDIT easypay/views/default/user.html: -2
[2016-04-24 07:31:18] EDIT easypay/views/default/user.html: -7
[2016-04-24 07:32:29] CREATE css/login.css: 0
[2016-04-24 07:32:40] EDIT easypay/static/css/login.css: 99
[2016-04-24 07:33:24] EDIT easypay/views/default/user.html: 1
[2016-04-24 07:34:07] EDIT easypay/views/default/user.html: 0
[2016-04-24 07:34:28] EDIT easypay/views/default/user.html: 0
[2016-04-24 07:36:49] EDIT easypay/views/default/user.html: -1
[2016-04-24 07:40:31] EDIT easypay/views/default/user.html: 0
[2016-04-24 07:43:11] EDIT easypay/views/default/user.html: -1
[2016-04-24 07:43:38] EDIT easypay/views/default/user.html: 0
[2016-04-24 07:45:08] EDIT easypay/views/default/user.html: -1
[2016-04-24 07:47:14] EDIT easypay/views/default/user.html: -1
[2016-04-24 07:51:01] EDIT easypay/static/css/login.css: 0
[2016-04-24 07:52:23] EDIT easypay/static/css/login.css: 0
[2016-04-24 07:52:49] EDIT easypay/static/css/login.css: 0
[2016-04-24 07:58:16] EDIT easypay/views/default/index.html: 0
[2016-04-24 08:01:17] EDIT easypay/views/default/tela_vendedor.html: 2
[2016-04-24 08:02:05] EDIT easypay/views/default/tela_vendedor.html: 0
[2016-04-24 08:03:37] EDIT easypay/views/default/tela_vendedor.html: 0
[2016-04-24 08:06:14] EDIT easypay/views/default/navbar.html: 13
[2016-04-24 08:08:44] EDIT easypay/views/default/navbar.html: 0
[2016-04-24 08:10:34] EDIT easypay/views/default/navbar.html: 0
[2016-04-24 08:11:44] EDIT easypay/views/default/navbar.html: 1
[2016-04-24 08:14:27] EDIT easypay/views/default/navbar.html: 0
[2016-04-24 08:14:45] EDIT easypay/views/default/navbar.html: 0
[2016-04-24 08:16:30] EDIT easypay/views/default/tela_cliente.html: 0
[2016-04-24 08:16:45] EDIT easypay/views/default/tela_easypay.html: 0
[2016-04-24 08:16:57] EDIT easypay/views/default/tela_qrcode.html: 0
[2016-04-24 08:17:11] EDIT easypay/views/default/tela_qrcode_off.html: 0
[2016-04-24 08:17:31] EDIT easypay/views/default/tela_vendedor.html: 0
[2016-04-24 08:17:53] EDIT easypay/views/default/undefined.html: 0
[2016-04-24 08:19:16] EDIT easypay/views/default/index.html: 0
[2016-04-24 08:21:15] EDIT easypay/views/default/navbar.html: 0
[2016-04-24 08:22:49] EDIT easypay/views/default/navbar.html: 0
